#
# There is insufficient memory for the Java Runtime Environment to continue.
# Native memory allocation (malloc) failed to allocate 1048576 bytes for AllocateHeap
# Possible reasons:
#   The system is out of physical RAM or swap space
#   The process is running with CompressedOops enabled, and the Java Heap may be blocking the growth of the native heap
# Possible solutions:
#   Reduce memory load on the system
#   Increase physical memory or swap space
#   Check if swap backing store is full
#   Decrease Java heap size (-Xmx/-Xms)
#   Decrease number of Java threads
#   Decrease Java thread stack sizes (-Xss)
#   Set larger code cache with -XX:ReservedCodeCacheSize=
#   JVM is running with Zero Based Compressed Oops mode in which the Java heap is
#     placed in the first 32GB address space. The Java Heap base address is the
#     maximum limit for the native heap growth. Please use -XX:HeapBaseMinAddress
#     to set the Java Heap base and to place the Java Heap above 32GB virtual address.
# This output file may be truncated or incomplete.
#
#  Out of Memory Error (allocation.cpp:44), pid=15696, tid=4348
#
# JRE version:  (21.0.2+13) (build )
# Java VM: Java HotSpot(TM) 64-Bit Server VM (21.0.2+13-LTS-58, mixed mode, sharing, tiered, compressed oops, compressed class ptrs, g1 gc, windows-amd64)
# No core dump will be written. Minidumps are not enabled by default on client versions of Windows
#

---------------  S U M M A R Y ------------

Command Line: -XX:+ShowCodeDetailsInExceptionMessages java_core_basic.datatype.PrimitiveAndObjectDemo

Host: 12th Gen Intel(R) Core(TM) i7-1255U, 12 cores, 15G,  Windows 11 , 64 bit Build 26100 (10.0.26100.4484)
Time: Mon Aug 25 15:33:45 2025 SE Asia Standard Time elapsed time: 2.100007 seconds (0d 0h 0m 2s)

---------------  T H R E A D  ---------------

Current thread (0x0000019e939b5560):  JavaThread "Unknown thread" [_thread_in_vm, id=4348, stack(0x0000008b8f700000,0x0000008b8f800000) (1024K)]

Stack: [0x0000008b8f700000,0x0000008b8f800000]
Native frames: (J=compiled Java code, j=interpreted, Vv=VM code, C=native code)
V  [jvm.dll+0x6cade9]
V  [jvm.dll+0x8569c1]
V  [jvm.dll+0x858d2e]
V  [jvm.dll+0x859413]
V  [jvm.dll+0x280e56]
V  [jvm.dll+0xbeb17]
V  [jvm.dll+0x331af5]
V  [jvm.dll+0x32a141]
V  [jvm.dll+0x81efa9]
V  [jvm.dll+0x3bba01]
V  [jvm.dll+0x807928]
V  [jvm.dll+0x44f50e]
V  [jvm.dll+0x450e11]
C  [jli.dll+0x52a3]
C  [ucrtbase.dll+0x37b0]
C  [KERNEL32.DLL+0x2e8d7]
C  [ntdll.dll+0x3c34c]


---------------  P R O C E S S  ---------------

Threads class SMR info:
_java_thread_list=0x00007ff9ef36bb88, length=0, elements={
}

Java Threads: ( => current thread )
Total: 0

Other Threads:
  0x0000019e93a15db0 WorkerThread "GC Thread#0"                     [id=13288, stack(0x0000008b8f800000,0x0000008b8f900000) (1024K)]

[error occurred during error reporting (printing all threads), id 0xc0000005, EXCEPTION_ACCESS_VIOLATION (0xc0000005) at pc=0x00007ff9eead6680]
VM state: not at safepoint (not fully initialized)

VM Mutex/Monitor currently owned by a thread:  ([mutex/lock_event])
[0x00007ff9ef3dce68] Heap_lock - owner thread: 0x0000019e939b5560

Heap address: 0x0000000704400000, size: 4028 MB, Compressed Oops mode: Zero based, Oop shift amount: 3

CDS archive(s) mapped at: [0x0000000000000000-0x0000000000000000-0x0000000000000000), size 0, SharedBaseAddress: 0x0000000800000000, ArchiveRelocationMode: 1.
Narrow klass base: 0x0000000000000000, Narrow klass shift: 0, Narrow klass range: 0x0

GC Precious Log:
 CardTable entry size: 512
 Card Set container configuration: InlinePtr #cards 4 size 8 Array Of Cards #cards 16 size 48 Howl #buckets 8 coarsen threshold 3686 Howl Bitmap #cards 512 size 80 coarsen threshold 460 Card regions per heap region 1 cards per card region 4096

Heap:
 garbage-first heap   total 0K, used 0K [0x0000000704400000, 0x0000000800000000)
  region size 2048K, 0 young (0K), 0 survivors (0K)

[error occurred during error reporting (printing heap information), id 0xc0000005, EXCEPTION_ACCESS_VIOLATION (0xc0000005) at pc=0x00007ff9eeec39f9]
GC Heap History (0 events):
No events

Dll operation events (1 events):
Event: 0.048 Loaded shared library C:\Program Files\Java\jdk-21\bin\java.dll

Deoptimization events (0 events):
No events

Classes loaded (0 events):
No events

Classes unloaded (0 events):
No events

Classes redefined (0 events):
No events

Internal exceptions (0 events):
No events

ZGC Phase Switch (0 events):
No events

VM Operations (0 events):
No events

Events (0 events):
No events


Dynamic libraries:
0x00007ff6f08d0000 - 0x00007ff6f08e0000 	C:\Program Files\Java\jdk-21\bin\java.exe
0x00007ffa59c40000 - 0x00007ffa59ea8000 	C:\WINDOWS\SYSTEM32\ntdll.dll
0x00007ffa588a0000 - 0x00007ffa58969000 	C:\WINDOWS\System32\KERNEL32.DLL
0x00007ffa57470000 - 0x00007ffa5785d000 	C:\WINDOWS\System32\KERNELBASE.dll
0x00007ffa56fd0000 - 0x00007ffa5711b000 	C:\WINDOWS\System32\ucrtbase.dll
0x00007ffa4fb10000 - 0x00007ffa4fb29000 	C:\Program Files\Java\jdk-21\bin\jli.dll
0x00007ffa438e0000 - 0x00007ffa438fb000 	C:\Program Files\Java\jdk-21\bin\VCRUNTIME140.dll
0x00007ffa599a0000 - 0x00007ffa59a54000 	C:\WINDOWS\System32\ADVAPI32.dll
0x00007ffa586c0000 - 0x00007ffa58769000 	C:\WINDOWS\System32\msvcrt.dll
0x00007ffa58dd0000 - 0x00007ffa58e76000 	C:\WINDOWS\System32\sechost.dll
0x00007ffa59a60000 - 0x00007ffa59b78000 	C:\WINDOWS\System32\RPCRT4.dll
0x00007ffa584e0000 - 0x00007ffa586ac000 	C:\WINDOWS\System32\USER32.dll
0x00007ffa56ef0000 - 0x00007ffa56f17000 	C:\WINDOWS\System32\win32u.dll
0x00007ffa58a10000 - 0x00007ffa58a3b000 	C:\WINDOWS\System32\GDI32.dll
0x00007ffa57120000 - 0x00007ffa57257000 	C:\WINDOWS\System32\gdi32full.dll
0x00007ffa56f20000 - 0x00007ffa56fc3000 	C:\WINDOWS\System32\msvcp_win.dll
0x00007ffa36c70000 - 0x00007ffa36f0a000 	C:\WINDOWS\WinSxS\amd64_microsoft.windows.common-controls_6595b64144ccf1df_6.0.26100.4484_none_3e0e6d4ce32ef3b3\COMCTL32.dll
0x00007ffa3b0b0000 - 0x00007ffa3b0bb000 	C:\WINDOWS\SYSTEM32\VERSION.dll
0x00007ffa587e0000 - 0x00007ffa5880f000 	C:\WINDOWS\System32\IMM32.DLL
0x00007ffa24b10000 - 0x00007ffa24bc7000 	C:\Program Files\Common Files\McAfee\SystemCore\mfehcinj.dll
0x00007ffa57260000 - 0x00007ffa572e4000 	C:\WINDOWS\System32\WINTRUST.dll
0x00007ffa57860000 - 0x00007ffa579d7000 	C:\WINDOWS\System32\CRYPT32.dll
0x00007ffa56420000 - 0x00007ffa56433000 	C:\WINDOWS\SYSTEM32\MSASN1.dll
0x00007ffa24b00000 - 0x00007ffa24b0f000 	C:\Program Files\Common Files\McAfee\SystemCore\mfehcthe.dll
0x00007ffa24a80000 - 0x00007ffa24af9000 	C:\Program Files\McAfee\MAR\mvcairo_x64.dll
0x00007ffa58140000 - 0x00007ffa582de000 	C:\WINDOWS\System32\ole32.dll
0x00007ffa58a40000 - 0x00007ffa58dc6000 	C:\WINDOWS\System32\combase.dll
0x00007ffa583f0000 - 0x00007ffa584d0000 	C:\WINDOWS\System32\OLEAUT32.dll
0x00007ffa457d0000 - 0x00007ffa457dc000 	C:\Program Files\Java\jdk-21\bin\vcruntime140_1.dll
0x00007ffa220b0000 - 0x00007ffa2213e000 	C:\Program Files\Java\jdk-21\bin\msvcp140.dll
0x00007ff9ee7a0000 - 0x00007ff9ef4b7000 	C:\Program Files\Java\jdk-21\bin\server\jvm.dll
0x0000019e930c0000 - 0x0000019e93134000 	C:\WINDOWS\System32\WS2_32.dll
0x00007ffa56be0000 - 0x00007ffa56c3e000 	C:\WINDOWS\SYSTEM32\POWRPROF.dll
0x00007ffa4e070000 - 0x00007ffa4e0a5000 	C:\WINDOWS\SYSTEM32\WINMM.dll
0x00007ffa56bc0000 - 0x00007ffa56bd4000 	C:\WINDOWS\SYSTEM32\UMPDC.dll
0x00007ffa55af0000 - 0x00007ffa55b0b000 	C:\WINDOWS\SYSTEM32\kernel.appcore.dll
0x00007ffa45650000 - 0x00007ffa4565a000 	C:\Program Files\Java\jdk-21\bin\jimage.dll
0x00007ffa543d0000 - 0x00007ffa54611000 	C:\WINDOWS\SYSTEM32\DBGHELP.DLL
0x00007ffa4d200000 - 0x00007ffa4d243000 	C:\WINDOWS\SYSTEM32\dbgcore.DLL
0x00007ffa56d90000 - 0x00007ffa56e29000 	C:\WINDOWS\System32\bcryptPrimitives.dll
0x00007ffa438c0000 - 0x00007ffa438df000 	C:\Program Files\Java\jdk-21\bin\java.dll

dbghelp: loaded successfully - version: 4.0.5 - missing functions: none
symbol engine: initialized successfully - sym options: 0x614 - pdb path: .;C:\Program Files\Java\jdk-21\bin;C:\WINDOWS\SYSTEM32;C:\WINDOWS\WinSxS\amd64_microsoft.windows.common-controls_6595b64144ccf1df_6.0.26100.4484_none_3e0e6d4ce32ef3b3;C:\Program Files\Common Files\McAfee\SystemCore;C:\Program Files\McAfee\MAR;C:\Program Files\Java\jdk-21\bin\server

VM Arguments:
jvm_args: -XX:+ShowCodeDetailsInExceptionMessages 
java_command: java_core_basic.datatype.PrimitiveAndObjectDemo
java_class_path (initial): C:\Users\bangb\AppData\Roaming\Code\User\workspaceStorage\7d443e9f21ca95ebbd218dc3d07352c3\redhat.java\jdt_ws\TASC_72de4f76\bin
Launcher Type: SUN_STANDARD

[Global flags]
     intx CICompilerCount                          = 4                                         {product} {ergonomic}
     uint ConcGCThreads                            = 3                                         {product} {ergonomic}
     uint G1ConcRefinementThreads                  = 10                                        {product} {ergonomic}
   size_t G1HeapRegionSize                         = 2097152                                   {product} {ergonomic}
    uintx GCDrainStackTargetSize                   = 64                                        {product} {ergonomic}
   size_t InitialHeapSize                          = 264241152                                 {product} {ergonomic}
   size_t MarkStackSize                            = 4194304                                   {product} {ergonomic}
   size_t MaxHeapSize                              = 4223664128                                {product} {ergonomic}
   size_t MinHeapDeltaBytes                        = 2097152                                   {product} {ergonomic}
   size_t MinHeapSize                              = 8388608                                   {product} {ergonomic}
    uintx NonNMethodCodeHeapSize                   = 5839372                                {pd product} {ergonomic}
    uintx NonProfiledCodeHeapSize                  = 122909434                              {pd product} {ergonomic}
    uintx ProfiledCodeHeapSize                     = 122909434                              {pd product} {ergonomic}
    uintx ReservedCodeCacheSize                    = 251658240                              {pd product} {ergonomic}
     bool SegmentedCodeCache                       = true                                      {product} {ergonomic}
     bool ShowCodeDetailsInExceptionMessages       = true                                   {manageable} {command line}
   size_t SoftMaxHeapSize                          = 4223664128                             {manageable} {ergonomic}
     bool UseCompressedOops                        = true                           {product lp64_product} {ergonomic}
     bool UseG1GC                                  = true                                      {product} {ergonomic}
     bool UseLargePagesIndividualAllocation        = false                                  {pd product} {ergonomic}

Logging:
Log output configuration:
 #0: stdout all=warning uptime,level,tags foldmultilines=false
 #1: stderr all=off uptime,level,tags foldmultilines=false

Environment Variables:
JAVA_HOME=C:\Program Files\Java\jdk-21
PATH=C:\Program Files (x86)\VMware\VMware Workstation\bin\;C:\Program Files\Common Files\Oracle\Java\javapath;C:\Program Files (x86)\Common Files\Oracle\Java\javapath;C:\Users\bangb\AppData\Local\Programs\Python\Python38;C:\Program Files\Microsoft MPI\Bin\;C:\WINDOWS\system32;C:\WINDOWS;C:\WINDOWS\System32\Wbem;C:\Program Files\Python310\Scripts\;C:\WINDOWS\System32\WindowsPowerShell\v1.0\;C:\Python312\;C:\Python312\Scripts\;C:\Program Files\Python310\;C:\WINDOWS\System32\OpenSSH\;C:\Program Files\MySQL\MySQL Server 8.0\bin;C:\ProgramData\chocolatey\bin;C:\Program Files\Java\jdk1.8.0_191\bin;C:\apache-maven-3.6.0\bin;C:\Program Files\Git\cmd;C:\Program Files\nodejs\;C:\Program Files\PostgreSQL\16;C:\Users\bangb\AppData\Local\Programs\Python\Python38;C:\Program Files\nodejs;C:\Users\bangb\AppData\Local\Programs\Microsoft VS Code\bin;C:\Program Files\Azure Data Studio\bin;%IntelliJ IDEA Community Edition%;C:\Program Files\JetBrains\PyCharm Community Edition 2023.2.5\bin;;C:\Program Files\JetBrains\IntelliJ IDEA 2023.3.4\bin;;C:\Users\bangb\AppData\Roaming\npm;C:\Program Files\PostgreSQL\16\bin;;C:\Users\bangb\AppData\Local\Microsoft\WindowsApps
USERNAME=bangb
LANG=en_US.UTF-8
OS=Windows_NT
PROCESSOR_IDENTIFIER=Intel64 Family 6 Model 154 Stepping 4, GenuineIntel
TMP=C:\Users\bangb\AppData\Local\Temp
TEMP=C:\Users\bangb\AppData\Local\Temp




Periodic native trim disabled

---------------  S Y S T E M  ---------------

OS:
 Windows 11 , 64 bit Build 26100 (10.0.26100.4484)
OS uptime: 1 days 0:38 hours
Hyper-V role detected

CPU: total 12 (initial active 12) (6 cores per cpu, 2 threads per core) family 6 model 154 stepping 4 microcode 0x424, cx8, cmov, fxsr, ht, mmx, 3dnowpref, sse, sse2, sse3, ssse3, sse4.1, sse4.2, popcnt, lzcnt, tsc, tscinvbit, avx, avx2, aes, erms, clmul, bmi1, bmi2, adx, sha, fma, vzeroupper, clflush, clflushopt, clwb, hv, serialize, rdtscp, rdpid, fsrm, f16c, cet_ibt, cet_ss
Processor Information for processor 0
  Max Mhz: 1700, Current Mhz: 1700, Mhz Limit: 1700
Processor Information for processor 1
  Max Mhz: 1700, Current Mhz: 1700, Mhz Limit: 1700
Processor Information for processor 2
  Max Mhz: 1700, Current Mhz: 1700, Mhz Limit: 1700
Processor Information for processor 3
  Max Mhz: 1700, Current Mhz: 1700, Mhz Limit: 1700
Processor Information for processor 4
  Max Mhz: 1200, Current Mhz: 1200, Mhz Limit: 1200
Processor Information for processor 5
  Max Mhz: 1200, Current Mhz: 1200, Mhz Limit: 1200
Processor Information for processor 6
  Max Mhz: 1200, Current Mhz: 1200, Mhz Limit: 1200
Processor Information for processor 7
  Max Mhz: 1200, Current Mhz: 1200, Mhz Limit: 1200
Processor Information for processor 8
  Max Mhz: 1200, Current Mhz: 1200, Mhz Limit: 1200
Processor Information for processor 9
  Max Mhz: 1200, Current Mhz: 1200, Mhz Limit: 1200
Processor Information for processor 10
  Max Mhz: 1200, Current Mhz: 1200, Mhz Limit: 1200
Processor Information for processor 11
  Max Mhz: 1200, Current Mhz: 1200, Mhz Limit: 1200

Memory: 4k page, system-wide physical 16108M (1948M free)
TotalPageFile size 65260M (AvailPageFile size 16M)
current process WorkingSet (physical memory assigned to process): 14M, peak: 14M
current process commit charge ("private bytes"): 55M, peak: 56M

vm_info: Java HotSpot(TM) 64-Bit Server VM (21.0.2+13-LTS-58) for windows-amd64 JRE (21.0.2+13-LTS-58), built on 2024-01-05T18:32:24Z by "mach5one" with MS VC++ 17.1 (VS2022)

END.
