#
# There is insufficient memory for the Java Runtime Environment to continue.
# Native memory allocation (malloc) failed to allocate 1048576 bytes. Error detail: AllocateHeap
# Possible reasons:
#   The system is out of physical RAM or swap space
#   This process is running with CompressedOops enabled, and the Java Heap may be blocking the growth of the native heap
# Possible solutions:
#   Reduce memory load on the system
#   Increase physical memory or swap space
#   Check if swap backing store is full
#   Decrease Java heap size (-Xmx/-Xms)
#   Decrease number of Java threads
#   Decrease Java thread stack sizes (-Xss)
#   Set larger code cache with -XX:ReservedCodeCacheSize=
#   JVM is running with Unscaled Compressed Oops mode in which the Java heap is
#     placed in the first 4GB address space. The Java Heap base address is the
#     maximum limit for the native heap growth. Please use -XX:HeapBaseMinAddress
#     to set the Java Heap base and to place the Java Heap above 4GB virtual address.
# This output file may be truncated or incomplete.
#
#  Out of Memory Error (allocation.cpp:44), pid=24344, tid=22212
#
# JRE version: OpenJDK Runtime Environment Temurin-21.0.8+9 (21.0.8+9) (build 21.0.8+9-LTS)
# Java VM: OpenJDK 64-Bit Server VM Temurin-21.0.8+9 (21.0.8+9-LTS, mixed mode, sharing, tiered, compressed oops, compressed class ptrs, parallel gc, windows-amd64)
# No core dump will be written. Minidumps are not enabled by default on client versions of Windows
#

---------------  S U M M A R Y ------------

Command Line: --add-modules=ALL-SYSTEM --add-opens=java.base/java.util=ALL-UNNAMED --add-opens=java.base/java.lang=ALL-UNNAMED --add-opens=java.base/sun.nio.fs=ALL-UNNAMED -Declipse.application=org.eclipse.jdt.ls.core.id1 -Dosgi.bundles.defaultStartLevel=4 -Declipse.product=org.eclipse.jdt.ls.core.product -Djava.import.generatesMetadataFilesAtProjectRoot=false -DDetectVMInstallationsJob.disabled=true -Dfile.encoding=utf8 -XX:+UseParallelGC -XX:GCTimeRatio=4 -XX:AdaptiveSizePolicyWeight=90 -Dsun.zip.disableMemoryMapping=true -Xmx2G -Xms100m -Xlog:disable -javaagent:c:\Users\bangb\.vscode\extensions\redhat.java-1.44.0-win32-x64\lombok\lombok-1.18.39-4050.jar -XX:+HeapDumpOnOutOfMemoryError -XX:HeapDumpPath=c:\Users\bangb\AppData\Roaming\Code\User\workspaceStorage\c60bb9130a98a218fc07b555a459b00e\redhat.java -Daether.dependencyCollector.impl=bf c:\Users\bangb\.vscode\extensions\redhat.java-1.44.0-win32-x64\server\plugins\org.eclipse.equinox.launcher_1.7.0.v20250519-0528.jar -configuration c:\Users\bangb\AppData\Roaming\Code\User\globalStorage\redhat.java\1.44.0\config_win -data c:\Users\bangb\AppData\Roaming\Code\User\workspaceStorage\c60bb9130a98a218fc07b555a459b00e\redhat.java\jdt_ws --pipe=\\.\pipe\lsp-0c2f671810a2a79ff923ed0aa5b44ecb-sock

Host: 12th Gen Intel(R) Core(TM) i7-1255U, 12 cores, 15G,  Windows 11 , 64 bit Build 26100 (10.0.26100.4484)
Time: Thu Aug 28 14:42:00 2025 SE Asia Standard Time elapsed time: 1280.355104 seconds (0d 0h 21m 20s)

---------------  T H R E A D  ---------------

Current thread (0x000001b9ad9e73a0):  JavaThread "Attach Listener" daemon [_thread_in_vm, id=22212, stack(0x0000009ca4600000,0x0000009ca4700000) (1024K)]

Stack: [0x0000009ca4600000,0x0000009ca4700000]
Native frames: (J=compiled Java code, j=interpreted, Vv=VM code, C=native code)
V  [jvm.dll+0x6d2449]
V  [jvm.dll+0x8ae341]
V  [jvm.dll+0x8b08be]
V  [jvm.dll+0x8b0fa3]
V  [jvm.dll+0x280c96]
V  [jvm.dll+0xc0347]
V  [jvm.dll+0x6d2cf9]
V  [jvm.dll+0x131116]
V  [jvm.dll+0x3f2d16]
V  [jvm.dll+0x857e6b]
V  [jvm.dll+0x6d0b0d]
C  [ucrtbase.dll+0x37b0]
C  [KERNEL32.DLL+0x2e8d7]
C  [ntdll.dll+0x3c34c]


---------------  P R O C E S S  ---------------

Threads class SMR info:
_java_thread_list=0x000001ba0cf610b0, length=48, elements={
0x000001b9ad93fda0, 0x000001b9c43ddc80, 0x000001b9ad9e3270, 0x000001b9ad9e5610,
0x000001b9ad9e73a0, 0x000001b9ad9ef940, 0x000001b9ad9f6ca0, 0x000001b9ad9fcdb0,
0x000001ba067c6670, 0x000001b9ad9f8050, 0x000001b9ad9f86e0, 0x000001b9ad9f8d70,
0x000001b9ad9f7330, 0x000001b9ad9f58f0, 0x000001b9ad9f5f80, 0x000001b9ad9f6610,
0x000001ba078a6920, 0x000001ba078a5570, 0x000001ba078a9080, 0x000001ba078a6290,
0x000001ba078a7640, 0x000001ba078ab150, 0x000001ba078a7cd0, 0x000001ba078acb90,
0x000001ba078ab7e0, 0x000001ba078abe70, 0x000001ba078ac500, 0x000001ba0ea501c0,
0x000001ba0ea50850, 0x000001ba0ea50ee0, 0x000001ba0ea4ee10, 0x000001ba0ea4f4a0,
0x000001ba0ea4e780, 0x000001ba0ea51570, 0x000001ba0ea52920, 0x000001ba0ea4fb30,
0x000001ba0fdcc450, 0x000001ba0fdcd170, 0x000001ba0fdcd800, 0x000001ba0fdcde90,
0x000001ba0f257aa0, 0x000001ba0f256d80, 0x000001ba0f2566f0, 0x000001ba0f25b5b0,
0x000001ba0f258130, 0x000001ba0f2559d0, 0x000001ba0f25c960, 0x000001ba0f25bc40
}

Java Threads: ( => current thread )
  0x000001b9ad93fda0 JavaThread "main"                              [_thread_blocked, id=5636, stack(0x0000009ca3f00000,0x0000009ca4000000) (1024K)]
  0x000001b9c43ddc80 JavaThread "Reference Handler"          daemon [_thread_blocked, id=18720, stack(0x0000009ca4300000,0x0000009ca4400000) (1024K)]
  0x000001b9ad9e3270 JavaThread "Finalizer"                  daemon [_thread_blocked, id=5928, stack(0x0000009ca4400000,0x0000009ca4500000) (1024K)]
  0x000001b9ad9e5610 JavaThread "Signal Dispatcher"          daemon [_thread_blocked, id=14748, stack(0x0000009ca4500000,0x0000009ca4600000) (1024K)]
=>0x000001b9ad9e73a0 JavaThread "Attach Listener"            daemon [_thread_in_vm, id=22212, stack(0x0000009ca4600000,0x0000009ca4700000) (1024K)]
  0x000001b9ad9ef940 JavaThread "Service Thread"             daemon [_thread_blocked, id=3304, stack(0x0000009ca4700000,0x0000009ca4800000) (1024K)]
  0x000001b9ad9f6ca0 JavaThread "Monitor Deflation Thread"   daemon [_thread_blocked, id=16148, stack(0x0000009ca4800000,0x0000009ca4900000) (1024K)]
  0x000001b9ad9fcdb0 JavaThread "C2 CompilerThread0"         daemon [_thread_blocked, id=15660, stack(0x0000009ca4900000,0x0000009ca4a00000) (1024K)]
  0x000001ba067c6670 JavaThread "C1 CompilerThread0"         daemon [_thread_blocked, id=17644, stack(0x0000009ca4a00000,0x0000009ca4b00000) (1024K)]
  0x000001b9ad9f8050 JavaThread "Common-Cleaner"             daemon [_thread_blocked, id=20128, stack(0x0000009ca4b00000,0x0000009ca4c00000) (1024K)]
  0x000001b9ad9f86e0 JavaThread "Notification Thread"        daemon [_thread_blocked, id=11036, stack(0x0000009ca4d00000,0x0000009ca4e00000) (1024K)]
  0x000001b9ad9f8d70 JavaThread "Active Thread: Equinox Container: bad2b9ed-7870-45c3-a570-9e08a4691e3a"        [_thread_blocked, id=22936, stack(0x0000009ca5500000,0x0000009ca5600000) (1024K)]
  0x000001b9ad9f7330 JavaThread "Refresh Thread: Equinox Container: bad2b9ed-7870-45c3-a570-9e08a4691e3a" daemon [_thread_blocked, id=16356, stack(0x0000009ca4e00000,0x0000009ca4f00000) (1024K)]
  0x000001b9ad9f58f0 JavaThread "Framework Event Dispatcher: Equinox Container: bad2b9ed-7870-45c3-a570-9e08a4691e3a" daemon [_thread_blocked, id=18916, stack(0x0000009ca5600000,0x0000009ca5700000) (1024K)]
  0x000001b9ad9f5f80 JavaThread "Start Level: Equinox Container: bad2b9ed-7870-45c3-a570-9e08a4691e3a" daemon [_thread_blocked, id=6124, stack(0x0000009ca5700000,0x0000009ca5800000) (1024K)]
  0x000001b9ad9f6610 JavaThread "Bundle File Closer"         daemon [_thread_blocked, id=22284, stack(0x0000009ca5b00000,0x0000009ca5c00000) (1024K)]
  0x000001ba078a6920 JavaThread "SCR Component Actor"        daemon [_thread_blocked, id=24120, stack(0x0000009ca5a00000,0x0000009ca5b00000) (1024K)]
  0x000001ba078a5570 JavaThread "Worker-JM"                         [_thread_blocked, id=20628, stack(0x0000009ca5e00000,0x0000009ca5f00000) (1024K)]
  0x000001ba078a9080 JavaThread "JNA Cleaner"                daemon [_thread_blocked, id=10216, stack(0x0000009ca5d00000,0x0000009ca5e00000) (1024K)]
  0x000001ba078a6290 JavaThread "Java indexing"              daemon [_thread_blocked, id=15672, stack(0x0000009ca6300000,0x0000009ca6400000) (1024K)]
  0x000001ba078a7640 JavaThread "Thread-2"                   daemon [_thread_in_native, id=1592, stack(0x0000009ca6a00000,0x0000009ca6b00000) (1024K)]
  0x000001ba078ab150 JavaThread "Thread-3"                   daemon [_thread_in_native, id=3996, stack(0x0000009ca6b00000,0x0000009ca6c00000) (1024K)]
  0x000001ba078a7cd0 JavaThread "Thread-4"                   daemon [_thread_in_native, id=6668, stack(0x0000009ca6c00000,0x0000009ca6d00000) (1024K)]
  0x000001ba078acb90 JavaThread "Thread-5"                   daemon [_thread_in_native, id=23776, stack(0x0000009ca6d00000,0x0000009ca6e00000) (1024K)]
  0x000001ba078ab7e0 JavaThread "Thread-6"                   daemon [_thread_in_native, id=6992, stack(0x0000009ca6e00000,0x0000009ca6f00000) (1024K)]
  0x000001ba078abe70 JavaThread "Thread-7"                   daemon [_thread_in_native, id=3936, stack(0x0000009ca6f00000,0x0000009ca7000000) (1024K)]
  0x000001ba078ac500 JavaThread "Thread-8"                   daemon [_thread_in_native, id=19432, stack(0x0000009ca7000000,0x0000009ca7100000) (1024K)]
  0x000001ba0ea501c0 JavaThread "Thread-9"                   daemon [_thread_in_native, id=9932, stack(0x0000009ca7100000,0x0000009ca7200000) (1024K)]
  0x000001ba0ea50850 JavaThread "Thread-10"                  daemon [_thread_in_native, id=21620, stack(0x0000009ca7200000,0x0000009ca7300000) (1024K)]
  0x000001ba0ea50ee0 JavaThread "Thread-11"                  daemon [_thread_in_native, id=22216, stack(0x0000009ca7300000,0x0000009ca7400000) (1024K)]
  0x000001ba0ea4ee10 JavaThread "Thread-12"                  daemon [_thread_in_native, id=17156, stack(0x0000009ca7400000,0x0000009ca7500000) (1024K)]
  0x000001ba0ea4f4a0 JavaThread "Thread-13"                  daemon [_thread_in_native, id=18356, stack(0x0000009ca7500000,0x0000009ca7600000) (1024K)]
  0x000001ba0ea4e780 JavaThread "Thread-14"                  daemon [_thread_in_native, id=21244, stack(0x0000009ca7600000,0x0000009ca7700000) (1024K)]
  0x000001ba0ea51570 JavaThread "pool-2-thread-1"                   [_thread_blocked, id=4336, stack(0x0000009ca7700000,0x0000009ca7800000) (1024K)]
  0x000001ba0ea52920 JavaThread "WorkspaceEventsHandler"            [_thread_blocked, id=7908, stack(0x0000009ca7800000,0x0000009ca7900000) (1024K)]
  0x000001ba0ea4fb30 JavaThread "pool-1-thread-1"                   [_thread_blocked, id=19864, stack(0x0000009ca7900000,0x0000009ca7a00000) (1024K)]
  0x000001ba0fdcc450 JavaThread "ForkJoinPool.commonPool-worker-7" daemon [_thread_blocked, id=6908, stack(0x0000009caa000000,0x0000009caa100000) (1024K)]
  0x000001ba0fdcd170 JavaThread "ForkJoinPool.commonPool-worker-8" daemon [_thread_blocked, id=9020, stack(0x0000009caa100000,0x0000009caa200000) (1024K)]
  0x000001ba0fdcd800 JavaThread "ForkJoinPool.commonPool-worker-9" daemon [_thread_blocked, id=22292, stack(0x0000009caa200000,0x0000009caa300000) (1024K)]
  0x000001ba0fdcde90 JavaThread "Cleaner-0"                  daemon [_thread_blocked, id=24560, stack(0x0000009caa300000,0x0000009caa400000) (1024K)]
  0x000001ba0f257aa0 JavaThread "Worker-7"                          [_thread_blocked, id=20084, stack(0x0000009ca5c00000,0x0000009ca5d00000) (1024K)]
  0x000001ba0f256d80 JavaThread "Worker-9"                          [_thread_blocked, id=9612, stack(0x0000009ca3d00000,0x0000009ca3e00000) (1024K)]
  0x000001ba0f2566f0 JavaThread "Compiler Source File Reader" daemon [_thread_blocked, id=8372, stack(0x0000009ca3c00000,0x0000009ca3d00000) (1024K)]
  0x000001ba0f25b5b0 JavaThread "Compiler Source File Reader" daemon [_thread_blocked, id=3364, stack(0x0000009ca6200000,0x0000009ca6300000) (1024K)]
  0x000001ba0f258130 JavaThread "ForkJoinPool.commonPool-worker-10" daemon [_thread_blocked, id=12612, stack(0x0000009ca3e00000,0x0000009ca3f00000) (1024K)]
  0x000001ba0f2559d0 JavaThread "Worker-11"                         [_thread_blocked, id=20836, stack(0x0000009ca5f00000,0x0000009ca6000000) (1024K)]
  0x000001ba0f25c960 JavaThread "Compiler Source File Reader" daemon [_thread_blocked, id=20896, stack(0x0000009ca6000000,0x0000009ca6100000) (1024K)]
  0x000001ba0f25bc40 JavaThread "Compiler Processing Task"   daemon [_thread_blocked, id=11840, stack(0x0000009ca6400000,0x0000009ca6500000) (1024K)]
Total: 48

Other Threads:
  0x000001b9ad9e0a10 VMThread "VM Thread"                           [id=18756, stack(0x0000009ca4200000,0x0000009ca4300000) (1024K)]
  0x000001b9c42bca00 WatcherThread "VM Periodic Task Thread"        [id=3140, stack(0x0000009ca4100000,0x0000009ca4200000) (1024K)]
  0x000001b9ad95d260 WorkerThread "GC Thread#0"                     [id=21768, stack(0x0000009ca4000000,0x0000009ca4100000) (1024K)]
  0x000001ba07efb6f0 WorkerThread "GC Thread#1"                     [id=11164, stack(0x0000009ca4f00000,0x0000009ca5000000) (1024K)]
  0x000001ba079ba700 WorkerThread "GC Thread#2"                     [id=18860, stack(0x0000009ca5000000,0x0000009ca5100000) (1024K)]
  0x000001ba079baaa0 WorkerThread "GC Thread#3"                     [id=19092, stack(0x0000009ca5100000,0x0000009ca5200000) (1024K)]
  0x000001ba07a7d6b0 WorkerThread "GC Thread#4"                     [id=22560, stack(0x0000009ca5200000,0x0000009ca5300000) (1024K)]
  0x000001ba07a7da50 WorkerThread "GC Thread#5"                     [id=22368, stack(0x0000009ca5300000,0x0000009ca5400000) (1024K)]
  0x000001ba07bfe040 WorkerThread "GC Thread#6"                     [id=14204, stack(0x0000009ca5400000,0x0000009ca5500000) (1024K)]
  0x000001ba06803c90 WorkerThread "GC Thread#7"                     [id=11676, stack(0x0000009ca4c00000,0x0000009ca4d00000) (1024K)]
  0x000001ba0c29aed0 WorkerThread "GC Thread#8"                     [id=18544, stack(0x0000009ca5800000,0x0000009ca5900000) (1024K)]
  0x000001ba07e67950 WorkerThread "GC Thread#9"                     [id=16340, stack(0x0000009ca5900000,0x0000009ca5a00000) (1024K)]
Total: 12

Threads with active compile tasks:
Total: 0

VM state: not at safepoint (normal execution)

VM Mutex/Monitor currently owned by a thread: None

Heap address: 0x0000000080000000, size: 2048 MB, Compressed Oops mode: 32-bit

CDS archive(s) mapped at: [0x000001b9c5000000-0x000001b9c5ba0000-0x000001b9c5ba0000), size 12189696, SharedBaseAddress: 0x000001b9c5000000, ArchiveRelocationMode: 1.
Compressed class space mapped at: 0x000001b9c6000000-0x000001ba06000000, reserved size: 1073741824
Narrow klass base: 0x000001b9c5000000, Narrow klass shift: 0, Narrow klass range: 0x100000000

GC Precious Log:
 CardTable entry size: 512
 CPUs: 12 total, 12 available
 Memory: 16108M
 Large Page Support: Disabled
 NUMA Support: Disabled
 Compressed Oops: Enabled (32-bit)
 Alignments: Space 512K, Generation 512K, Heap 2M
 Heap Min Capacity: 100M
 Heap Initial Capacity: 100M
 Heap Max Capacity: 2G
 Pre-touch: Disabled
 Parallel Workers: 10

Heap:
 PSYoungGen      total 5120K, used 4503K [0x00000000d5580000, 0x00000000d5e80000, 0x0000000100000000)
  eden space 4608K, 87% used [0x00000000d5580000,0x00000000d5971c90,0x00000000d5a00000)
  from space 512K, 90% used [0x00000000d5e00000,0x00000000d5e74010,0x00000000d5e80000)
  to   space 1024K, 0% used [0x00000000d5c80000,0x00000000d5c80000,0x00000000d5d80000)
 ParOldGen       total 808960K, used 246410K [0x0000000080000000, 0x00000000b1600000, 0x00000000d5580000)
  object space 808960K, 30% used [0x0000000080000000,0x000000008f0a2b00,0x00000000b1600000)
 Metaspace       used 85272K, committed 86912K, reserved 1179648K
  class space    used 8605K, committed 9408K, reserved 1048576K

Card table byte_map: [0x000001b9ad2e0000,0x000001b9ad6f0000] _byte_map_base: 0x000001b9acee0000

Marking Bits: (ParMarkBitMap*) 0x00007ffd5fbca340
 Begin Bits: [0x000001b9bfde0000, 0x000001b9c1de0000)
 End Bits:   [0x000001b9c1de0000, 0x000001b9c3de0000)

Polling page: 0x000001b9abb90000

Metaspace:

Usage:
  Non-class:     74.87 MB used.
      Class:      8.40 MB used.
       Both:     83.27 MB used.

Virtual space:
  Non-class space:      128.00 MB reserved,      75.69 MB ( 59%) committed,  2 nodes.
      Class space:        1.00 GB reserved,       9.19 MB ( <1%) committed,  1 nodes.
             Both:        1.12 GB reserved,      84.88 MB (  7%) committed. 

Chunk freelists:
   Non-Class:  3.77 MB
       Class:  6.80 MB
        Both:  10.56 MB

MaxMetaspaceSize: unlimited
CompressedClassSpaceSize: 1.00 GB
Initial GC threshold: 21.00 MB
Current GC threshold: 141.50 MB
CDS: on
 - commit_granule_bytes: 65536.
 - commit_granule_words: 8192.
 - virtual_space_node_default_size: 8388608.
 - enlarge_chunks_in_place: 1.
 - use_allocation_guard: 0.


Internal statistics:

num_allocs_failed_limit: 9.
num_arena_births: 1602.
num_arena_deaths: 14.
num_vsnodes_births: 3.
num_vsnodes_deaths: 0.
num_space_committed: 1358.
num_space_uncommitted: 0.
num_chunks_returned_to_freelist: 23.
num_chunks_taken_from_freelist: 5727.
num_chunk_merges: 13.
num_chunk_splits: 3459.
num_chunks_enlarged: 1926.
num_inconsistent_stats: 0.

CodeHeap 'non-profiled nmethods': size=120000Kb used=19509Kb max_used=22661Kb free=100491Kb
 bounds [0x000001b9b8600000, 0x000001b9b9c30000, 0x000001b9bfb30000]
CodeHeap 'profiled nmethods': size=120000Kb used=40697Kb max_used=49186Kb free=79302Kb
 bounds [0x000001b9b0b30000, 0x000001b9b3b40000, 0x000001b9b8060000]
CodeHeap 'non-nmethods': size=5760Kb used=1514Kb max_used=1579Kb free=4245Kb
 bounds [0x000001b9b8060000, 0x000001b9b82d0000, 0x000001b9b8600000]
CodeCache: size=245760Kb, used=61720Kb, max_used=73426Kb, free=184038Kb
 total_blobs=17411, nmethods=16579, adapters=734, full_count=0
Compilation: enabled, stopped_count=0, restarted_count=0

Compilation events (20 events):
Event: 1259.832 Thread 0x000001ba067c6670 21152       3       org.eclipse.jdt.internal.core.dom.rewrite.ASTRewriteAnalyzer::doTextInsert (1092 bytes)
Event: 1259.837 Thread 0x000001ba067c6670 nmethod 21152 0x000001b9b1399190 code [0x000001b9b1399f60, 0x000001b9b13a31b0]
Event: 1259.838 Thread 0x000001ba067c6670 21147       3       org.eclipse.jdt.internal.core.dom.rewrite.ASTRewriteFormatter::formatString (22 bytes)
Event: 1259.838 Thread 0x000001ba067c6670 nmethod 21147 0x000001b9b0b77f90 code [0x000001b9b0b78160, 0x000001b9b0b78398]
Event: 1259.838 Thread 0x000001ba067c6670 21149       3       org.eclipse.jdt.internal.core.dom.rewrite.ASTRewriteFormatter$1::<init> (6 bytes)
Event: 1259.838 Thread 0x000001ba067c6670 nmethod 21149 0x000001b9b0b68d90 code [0x000001b9b0b68f40, 0x000001b9b0b69078]
Event: 1259.838 Thread 0x000001ba067c6670 21155       3       org.eclipse.jdt.internal.compiler.batch.CompilationUnit::<init> (15 bytes)
Event: 1259.838 Thread 0x000001ba067c6670 nmethod 21155 0x000001b9b0b85190 code [0x000001b9b0b85340, 0x000001b9b0b85488]
Event: 1259.838 Thread 0x000001ba067c6670 21156       3       org.eclipse.jdt.internal.core.util.CodeSnippetParsingUtil::getRecordedParsingInformation (62 bytes)
Event: 1259.838 Thread 0x000001ba067c6670 nmethod 21156 0x000001b9b0cd5c10 code [0x000001b9b0cd5e00, 0x000001b9b0cd6368]
Event: 1259.838 Thread 0x000001ba067c6670 21150       3       org.eclipse.jdt.internal.core.dom.rewrite.ASTRewriteAnalyzer$ListRewriter::getNodeIndent (66 bytes)
Event: 1259.838 Thread 0x000001ba067c6670 nmethod 21150 0x000001b9b135f910 code [0x000001b9b135fba0, 0x000001b9b1360660]
Event: 1259.838 Thread 0x000001ba067c6670 21151       3       org.eclipse.jdt.internal.core.dom.rewrite.ASTRewriteAnalyzer$ListRewriter::getOriginalNode (13 bytes)
Event: 1259.838 Thread 0x000001ba067c6670 nmethod 21151 0x000001b9b0b67f10 code [0x000001b9b0b680c0, 0x000001b9b0b683b0]
Event: 1259.838 Thread 0x000001ba067c6670 21153       3       org.eclipse.jdt.internal.core.dom.rewrite.ASTRewriteFlattener::visit (332 bytes)
Event: 1259.839 Thread 0x000001ba067c6670 nmethod 21153 0x000001b9b2185190 code [0x000001b9b2185700, 0x000001b9b2188278]
Event: 1259.839 Thread 0x000001ba067c6670 21154       3       org.eclipse.jdt.internal.core.dom.rewrite.ASTRewriteFlattener::getBooleanAttribute (13 bytes)
Event: 1259.840 Thread 0x000001ba067c6670 nmethod 21154 0x000001b9b0c48c10 code [0x000001b9b0c48e20, 0x000001b9b0c49410]
Event: 1260.009 Thread 0x000001ba067c6670 21157       3       org.eclipse.jdt.internal.core.PackageFragmentRoot::getUnderlyingResource (17 bytes)
Event: 1260.010 Thread 0x000001ba067c6670 nmethod 21157 0x000001b9b13b3b90 code [0x000001b9b13b3e00, 0x000001b9b13b4a50]

GC Heap History (20 events):
Event: 1258.211 GC heap before
{Heap before GC invocations=2542 (full 5):
 PSYoungGen      total 6656K, used 6240K [0x00000000d5580000, 0x00000000d5d00000, 0x0000000100000000)
  eden space 5632K, 100% used [0x00000000d5580000,0x00000000d5b00000,0x00000000d5b00000)
  from space 1024K, 59% used [0x00000000d5c00000,0x00000000d5c98000,0x00000000d5d00000)
  to   space 1024K, 0% used [0x00000000d5b00000,0x00000000d5b00000,0x00000000d5c00000)
 ParOldGen       total 808960K, used 233813K [0x0000000080000000, 0x00000000b1600000, 0x00000000d5580000)
  object space 808960K, 28% used [0x0000000080000000,0x000000008e455468,0x00000000b1600000)
 Metaspace       used 85249K, committed 86912K, reserved 1179648K
  class space    used 8605K, committed 9408K, reserved 1048576K
}
Event: 1258.213 GC heap after
{Heap after GC invocations=2542 (full 5):
 PSYoungGen      total 6656K, used 400K [0x00000000d5580000, 0x00000000d5c80000, 0x0000000100000000)
  eden space 5632K, 0% used [0x00000000d5580000,0x00000000d5580000,0x00000000d5b00000)
  from space 1024K, 39% used [0x00000000d5b00000,0x00000000d5b64010,0x00000000d5c00000)
  to   space 512K, 0% used [0x00000000d5c00000,0x00000000d5c00000,0x00000000d5c80000)
 ParOldGen       total 808960K, used 234234K [0x0000000080000000, 0x00000000b1600000, 0x00000000d5580000)
  object space 808960K, 28% used [0x0000000080000000,0x000000008e4be8f8,0x00000000b1600000)
 Metaspace       used 85249K, committed 86912K, reserved 1179648K
  class space    used 8605K, committed 9408K, reserved 1048576K
}
Event: 1258.516 GC heap before
{Heap before GC invocations=2543 (full 5):
 PSYoungGen      total 6656K, used 6032K [0x00000000d5580000, 0x00000000d5c80000, 0x0000000100000000)
  eden space 5632K, 100% used [0x00000000d5580000,0x00000000d5b00000,0x00000000d5b00000)
  from space 1024K, 39% used [0x00000000d5b00000,0x00000000d5b64010,0x00000000d5c00000)
  to   space 512K, 0% used [0x00000000d5c00000,0x00000000d5c00000,0x00000000d5c80000)
 ParOldGen       total 808960K, used 234234K [0x0000000080000000, 0x00000000b1600000, 0x00000000d5580000)
  object space 808960K, 28% used [0x0000000080000000,0x000000008e4be8f8,0x00000000b1600000)
 Metaspace       used 85249K, committed 86912K, reserved 1179648K
  class space    used 8605K, committed 9408K, reserved 1048576K
}
Event: 1258.517 GC heap after
{Heap after GC invocations=2543 (full 5):
 PSYoungGen      total 6144K, used 288K [0x00000000d5580000, 0x00000000d5c80000, 0x0000000100000000)
  eden space 5632K, 0% used [0x00000000d5580000,0x00000000d5580000,0x00000000d5b00000)
  from space 512K, 56% used [0x00000000d5c00000,0x00000000d5c48000,0x00000000d5c80000)
  to   space 512K, 0% used [0x00000000d5b80000,0x00000000d5b80000,0x00000000d5c00000)
 ParOldGen       total 808960K, used 234330K [0x0000000080000000, 0x00000000b1600000, 0x00000000d5580000)
  object space 808960K, 28% used [0x0000000080000000,0x000000008e4d68f8,0x00000000b1600000)
 Metaspace       used 85249K, committed 86912K, reserved 1179648K
  class space    used 8605K, committed 9408K, reserved 1048576K
}
Event: 1258.878 GC heap before
{Heap before GC invocations=2544 (full 5):
 PSYoungGen      total 6144K, used 5920K [0x00000000d5580000, 0x00000000d5c80000, 0x0000000100000000)
  eden space 5632K, 100% used [0x00000000d5580000,0x00000000d5b00000,0x00000000d5b00000)
  from space 512K, 56% used [0x00000000d5c00000,0x00000000d5c48000,0x00000000d5c80000)
  to   space 512K, 0% used [0x00000000d5b80000,0x00000000d5b80000,0x00000000d5c00000)
 ParOldGen       total 808960K, used 234330K [0x0000000080000000, 0x00000000b1600000, 0x00000000d5580000)
  object space 808960K, 28% used [0x0000000080000000,0x000000008e4d68f8,0x00000000b1600000)
 Metaspace       used 85249K, committed 86912K, reserved 1179648K
  class space    used 8605K, committed 9408K, reserved 1048576K
}
Event: 1258.880 GC heap after
{Heap after GC invocations=2544 (full 5):
 PSYoungGen      total 6144K, used 256K [0x00000000d5580000, 0x00000000d5c80000, 0x0000000100000000)
  eden space 5632K, 0% used [0x00000000d5580000,0x00000000d5580000,0x00000000d5b00000)
  from space 512K, 50% used [0x00000000d5b80000,0x00000000d5bc0000,0x00000000d5c00000)
  to   space 512K, 0% used [0x00000000d5c00000,0x00000000d5c00000,0x00000000d5c80000)
 ParOldGen       total 808960K, used 234346K [0x0000000080000000, 0x00000000b1600000, 0x00000000d5580000)
  object space 808960K, 28% used [0x0000000080000000,0x000000008e4da8f8,0x00000000b1600000)
 Metaspace       used 85249K, committed 86912K, reserved 1179648K
  class space    used 8605K, committed 9408K, reserved 1048576K
}
Event: 1259.168 GC heap before
{Heap before GC invocations=2545 (full 5):
 PSYoungGen      total 6144K, used 5888K [0x00000000d5580000, 0x00000000d5c80000, 0x0000000100000000)
  eden space 5632K, 100% used [0x00000000d5580000,0x00000000d5b00000,0x00000000d5b00000)
  from space 512K, 50% used [0x00000000d5b80000,0x00000000d5bc0000,0x00000000d5c00000)
  to   space 512K, 0% used [0x00000000d5c00000,0x00000000d5c00000,0x00000000d5c80000)
 ParOldGen       total 808960K, used 234346K [0x0000000080000000, 0x00000000b1600000, 0x00000000d5580000)
  object space 808960K, 28% used [0x0000000080000000,0x000000008e4da8f8,0x00000000b1600000)
 Metaspace       used 85249K, committed 86912K, reserved 1179648K
  class space    used 8605K, committed 9408K, reserved 1048576K
}
Event: 1259.169 GC heap after
{Heap after GC invocations=2545 (full 5):
 PSYoungGen      total 6144K, used 496K [0x00000000d5580000, 0x00000000d5d00000, 0x0000000100000000)
  eden space 5632K, 0% used [0x00000000d5580000,0x00000000d5580000,0x00000000d5b00000)
  from space 512K, 96% used [0x00000000d5c00000,0x00000000d5c7c010,0x00000000d5c80000)
  to   space 1024K, 0% used [0x00000000d5b00000,0x00000000d5b00000,0x00000000d5c00000)
 ParOldGen       total 808960K, used 234432K [0x0000000080000000, 0x00000000b1600000, 0x00000000d5580000)
  object space 808960K, 28% used [0x0000000080000000,0x000000008e4f0348,0x00000000b1600000)
 Metaspace       used 85249K, committed 86912K, reserved 1179648K
  class space    used 8605K, committed 9408K, reserved 1048576K
}
Event: 1259.449 GC heap before
{Heap before GC invocations=2546 (full 5):
 PSYoungGen      total 6144K, used 6128K [0x00000000d5580000, 0x00000000d5d00000, 0x0000000100000000)
  eden space 5632K, 100% used [0x00000000d5580000,0x00000000d5b00000,0x00000000d5b00000)
  from space 512K, 96% used [0x00000000d5c00000,0x00000000d5c7c010,0x00000000d5c80000)
  to   space 1024K, 0% used [0x00000000d5b00000,0x00000000d5b00000,0x00000000d5c00000)
 ParOldGen       total 808960K, used 234432K [0x0000000080000000, 0x00000000b1600000, 0x00000000d5580000)
  object space 808960K, 28% used [0x0000000080000000,0x000000008e4f0348,0x00000000b1600000)
 Metaspace       used 85249K, committed 86912K, reserved 1179648K
  class space    used 8605K, committed 9408K, reserved 1048576K
}
Event: 1259.450 GC heap after
{Heap after GC invocations=2546 (full 5):
 PSYoungGen      total 6656K, used 320K [0x00000000d5580000, 0x00000000d5c80000, 0x0000000100000000)
  eden space 5632K, 0% used [0x00000000d5580000,0x00000000d5580000,0x00000000d5b00000)
  from space 1024K, 31% used [0x00000000d5b00000,0x00000000d5b50000,0x00000000d5c00000)
  to   space 512K, 0% used [0x00000000d5c00000,0x00000000d5c00000,0x00000000d5c80000)
 ParOldGen       total 808960K, used 234848K [0x0000000080000000, 0x00000000b1600000, 0x00000000d5580000)
  object space 808960K, 29% used [0x0000000080000000,0x000000008e558348,0x00000000b1600000)
 Metaspace       used 85249K, committed 86912K, reserved 1179648K
  class space    used 8605K, committed 9408K, reserved 1048576K
}
Event: 1259.634 GC heap before
{Heap before GC invocations=2547 (full 5):
 PSYoungGen      total 6656K, used 5952K [0x00000000d5580000, 0x00000000d5c80000, 0x0000000100000000)
  eden space 5632K, 100% used [0x00000000d5580000,0x00000000d5b00000,0x00000000d5b00000)
  from space 1024K, 31% used [0x00000000d5b00000,0x00000000d5b50000,0x00000000d5c00000)
  to   space 512K, 0% used [0x00000000d5c00000,0x00000000d5c00000,0x00000000d5c80000)
 ParOldGen       total 808960K, used 234848K [0x0000000080000000, 0x00000000b1600000, 0x00000000d5580000)
  object space 808960K, 29% used [0x0000000080000000,0x000000008e558348,0x00000000b1600000)
 Metaspace       used 85262K, committed 86912K, reserved 1179648K
  class space    used 8605K, committed 9408K, reserved 1048576K
}
Event: 1259.636 GC heap after
{Heap after GC invocations=2547 (full 5):
 PSYoungGen      total 5120K, used 499K [0x00000000d5580000, 0x00000000d5f00000, 0x0000000100000000)
  eden space 4608K, 0% used [0x00000000d5580000,0x00000000d5580000,0x00000000d5a00000)
  from space 512K, 97% used [0x00000000d5c00000,0x00000000d5c7cde8,0x00000000d5c80000)
  to   space 2048K, 0% used [0x00000000d5a00000,0x00000000d5a00000,0x00000000d5c00000)
 ParOldGen       total 808960K, used 235809K [0x0000000080000000, 0x00000000b1600000, 0x00000000d5580000)
  object space 808960K, 29% used [0x0000000080000000,0x000000008e6485c0,0x00000000b1600000)
 Metaspace       used 85262K, committed 86912K, reserved 1179648K
  class space    used 8605K, committed 9408K, reserved 1048576K
}
Event: 1259.644 GC heap before
{Heap before GC invocations=2548 (full 5):
 PSYoungGen      total 5120K, used 5099K [0x00000000d5580000, 0x00000000d5f00000, 0x0000000100000000)
  eden space 4608K, 99% used [0x00000000d5580000,0x00000000d59fde40,0x00000000d5a00000)
  from space 512K, 97% used [0x00000000d5c00000,0x00000000d5c7cde8,0x00000000d5c80000)
  to   space 2048K, 0% used [0x00000000d5a00000,0x00000000d5a00000,0x00000000d5c00000)
 ParOldGen       total 808960K, used 235809K [0x0000000080000000, 0x00000000b1600000, 0x00000000d5580000)
  object space 808960K, 29% used [0x0000000080000000,0x000000008e6485c0,0x00000000b1600000)
 Metaspace       used 85262K, committed 86912K, reserved 1179648K
  class space    used 8605K, committed 9408K, reserved 1048576K
}
Event: 1259.646 GC heap after
{Heap after GC invocations=2548 (full 5):
 PSYoungGen      total 6656K, used 2032K [0x00000000d5580000, 0x00000000d6600000, 0x0000000100000000)
  eden space 4608K, 0% used [0x00000000d5580000,0x00000000d5580000,0x00000000d5a00000)
  from space 2048K, 99% used [0x00000000d5a00000,0x00000000d5bfc200,0x00000000d5c00000)
  to   space 6144K, 0% used [0x00000000d6000000,0x00000000d6000000,0x00000000d6600000)
 ParOldGen       total 808960K, used 238944K [0x0000000080000000, 0x00000000b1600000, 0x00000000d5580000)
  object space 808960K, 29% used [0x0000000080000000,0x000000008e9581a0,0x00000000b1600000)
 Metaspace       used 85262K, committed 86912K, reserved 1179648K
  class space    used 8605K, committed 9408K, reserved 1048576K
}
Event: 1259.668 GC heap before
{Heap before GC invocations=2549 (full 5):
 PSYoungGen      total 6656K, used 6640K [0x00000000d5580000, 0x00000000d6600000, 0x0000000100000000)
  eden space 4608K, 100% used [0x00000000d5580000,0x00000000d5a00000,0x00000000d5a00000)
  from space 2048K, 99% used [0x00000000d5a00000,0x00000000d5bfc200,0x00000000d5c00000)
  to   space 6144K, 0% used [0x00000000d6000000,0x00000000d6000000,0x00000000d6600000)
 ParOldGen       total 808960K, used 238944K [0x0000000080000000, 0x00000000b1600000, 0x00000000d5580000)
  object space 808960K, 29% used [0x0000000080000000,0x000000008e9581a0,0x00000000b1600000)
 Metaspace       used 85262K, committed 86912K, reserved 1179648K
  class space    used 8605K, committed 9408K, reserved 1048576K
}
Event: 1259.670 GC heap after
{Heap after GC invocations=2549 (full 5):
 PSYoungGen      total 9216K, used 4234K [0x00000000d5580000, 0x00000000d6480000, 0x0000000100000000)
  eden space 4608K, 0% used [0x00000000d5580000,0x00000000d5580000,0x00000000d5a00000)
  from space 4608K, 91% used [0x00000000d6000000,0x00000000d6422940,0x00000000d6480000)
  to   space 4608K, 0% used [0x00000000d5b80000,0x00000000d5b80000,0x00000000d6000000)
 ParOldGen       total 808960K, used 240936K [0x0000000080000000, 0x00000000b1600000, 0x00000000d5580000)
  object space 808960K, 29% used [0x0000000080000000,0x000000008eb4a1a0,0x00000000b1600000)
 Metaspace       used 85262K, committed 86912K, reserved 1179648K
  class space    used 8605K, committed 9408K, reserved 1048576K
}
Event: 1259.819 GC heap before
{Heap before GC invocations=2550 (full 5):
 PSYoungGen      total 9216K, used 8842K [0x00000000d5580000, 0x00000000d6480000, 0x0000000100000000)
  eden space 4608K, 100% used [0x00000000d5580000,0x00000000d5a00000,0x00000000d5a00000)
  from space 4608K, 91% used [0x00000000d6000000,0x00000000d6422940,0x00000000d6480000)
  to   space 4608K, 0% used [0x00000000d5b80000,0x00000000d5b80000,0x00000000d6000000)
 ParOldGen       total 808960K, used 240936K [0x0000000080000000, 0x00000000b1600000, 0x00000000d5580000)
  object space 808960K, 29% used [0x0000000080000000,0x000000008eb4a1a0,0x00000000b1600000)
 Metaspace       used 85265K, committed 86912K, reserved 1179648K
  class space    used 8605K, committed 9408K, reserved 1048576K
}
Event: 1259.826 GC heap after
{Heap after GC invocations=2550 (full 5):
 PSYoungGen      total 6144K, used 1424K [0x00000000d5580000, 0x00000000d6080000, 0x0000000100000000)
  eden space 4608K, 0% used [0x00000000d5580000,0x00000000d5580000,0x00000000d5a00000)
  from space 1536K, 92% used [0x00000000d5b80000,0x00000000d5ce4020,0x00000000d5d00000)
  to   space 2560K, 0% used [0x00000000d5e00000,0x00000000d5e00000,0x00000000d6080000)
 ParOldGen       total 808960K, used 245090K [0x0000000080000000, 0x00000000b1600000, 0x00000000d5580000)
  object space 808960K, 30% used [0x0000000080000000,0x000000008ef58ae0,0x00000000b1600000)
 Metaspace       used 85265K, committed 86912K, reserved 1179648K
  class space    used 8605K, committed 9408K, reserved 1048576K
}
Event: 1260.000 GC heap before
{Heap before GC invocations=2551 (full 5):
 PSYoungGen      total 6144K, used 6032K [0x00000000d5580000, 0x00000000d6080000, 0x0000000100000000)
  eden space 4608K, 99% used [0x00000000d5580000,0x00000000d59ffff0,0x00000000d5a00000)
  from space 1536K, 92% used [0x00000000d5b80000,0x00000000d5ce4020,0x00000000d5d00000)
  to   space 2560K, 0% used [0x00000000d5e00000,0x00000000d5e00000,0x00000000d6080000)
 ParOldGen       total 808960K, used 245090K [0x0000000080000000, 0x00000000b1600000, 0x00000000d5580000)
  object space 808960K, 30% used [0x0000000080000000,0x000000008ef58ae0,0x00000000b1600000)
 Metaspace       used 85272K, committed 86912K, reserved 1179648K
  class space    used 8605K, committed 9408K, reserved 1048576K
}
Event: 1260.001 GC heap after
{Heap after GC invocations=2551 (full 5):
 PSYoungGen      total 5120K, used 464K [0x00000000d5580000, 0x00000000d5e80000, 0x0000000100000000)
  eden space 4608K, 0% used [0x00000000d5580000,0x00000000d5580000,0x00000000d5a00000)
  from space 512K, 90% used [0x00000000d5e00000,0x00000000d5e74010,0x00000000d5e80000)
  to   space 1024K, 0% used [0x00000000d5c80000,0x00000000d5c80000,0x00000000d5d80000)
 ParOldGen       total 808960K, used 246410K [0x0000000080000000, 0x00000000b1600000, 0x00000000d5580000)
  object space 808960K, 30% used [0x0000000080000000,0x000000008f0a2b00,0x00000000b1600000)
 Metaspace       used 85272K, committed 86912K, reserved 1179648K
  class space    used 8605K, committed 9408K, reserved 1048576K
}

Dll operation events (12 events):
Event: 0.017 Loaded shared library c:\Users\bangb\.vscode\extensions\redhat.java-1.44.0-win32-x64\jre\21.0.8-win32-x86_64\bin\java.dll
Event: 0.083 Loaded shared library c:\Users\bangb\.vscode\extensions\redhat.java-1.44.0-win32-x64\jre\21.0.8-win32-x86_64\bin\zip.dll
Event: 0.107 Loaded shared library C:\Users\bangb\.vscode\extensions\redhat.java-1.44.0-win32-x64\jre\21.0.8-win32-x86_64\bin\instrument.dll
Event: 0.115 Loaded shared library C:\Users\bangb\.vscode\extensions\redhat.java-1.44.0-win32-x64\jre\21.0.8-win32-x86_64\bin\net.dll
Event: 0.120 Loaded shared library C:\Users\bangb\.vscode\extensions\redhat.java-1.44.0-win32-x64\jre\21.0.8-win32-x86_64\bin\nio.dll
Event: 0.127 Loaded shared library C:\Users\bangb\.vscode\extensions\redhat.java-1.44.0-win32-x64\jre\21.0.8-win32-x86_64\bin\zip.dll
Event: 0.147 Loaded shared library C:\Users\bangb\.vscode\extensions\redhat.java-1.44.0-win32-x64\jre\21.0.8-win32-x86_64\bin\jimage.dll
Event: 0.220 Loaded shared library c:\Users\bangb\.vscode\extensions\redhat.java-1.44.0-win32-x64\jre\21.0.8-win32-x86_64\bin\verify.dll
Event: 10.573 Loaded shared library C:\Users\bangb\AppData\Roaming\Code\User\globalStorage\redhat.java\1.44.0\config_win\org.eclipse.equinox.launcher\org.eclipse.equinox.launcher.win32.win32.x86_64_1.2.1400.v20250730-1736\eclipse_11913.dll
Event: 24.215 Loaded shared library C:\Users\bangb\AppData\Local\Temp\jna-93503786\jna8997671638664342811.dll
Event: 53.919 Loaded shared library C:\Users\bangb\.vscode\extensions\redhat.java-1.44.0-win32-x64\jre\21.0.8-win32-x86_64\bin\sunmscapi.dll
Event: 54.135 Loaded shared library C:\Users\bangb\.vscode\extensions\redhat.java-1.44.0-win32-x64\jre\21.0.8-win32-x86_64\bin\extnet.dll

Deoptimization events (20 events):
Event: 1245.581 Thread 0x000001ba0f258130 DEOPT PACKING pc=0x000001b9b9bf7d80 sp=0x0000009ca3efd780
Event: 1245.581 Thread 0x000001ba0f258130 DEOPT UNPACKING pc=0x000001b9b80b3aa2 sp=0x0000009ca3efd778 mode 2
Event: 1252.558 Thread 0x000001ba0fdcd800 DEOPT PACKING pc=0x000001b9b39e0f97 sp=0x0000009caa2fdd80
Event: 1252.558 Thread 0x000001ba0fdcd800 DEOPT UNPACKING pc=0x000001b9b80b4242 sp=0x0000009caa2fd240 mode 0
Event: 1254.176 Thread 0x000001ba0f2559d0 DEOPT PACKING pc=0x000001b9b394897e sp=0x0000009ca5ffe2f0
Event: 1254.176 Thread 0x000001ba0f2559d0 DEOPT UNPACKING pc=0x000001b9b80b4242 sp=0x0000009ca5ffd760 mode 0
Event: 1255.017 Thread 0x000001ba0f256d80 Uncommon trap: trap_request=0xffffff54 fr.pc=0x000001b9b9baf120 relative=0x0000000000000600
Event: 1255.017 Thread 0x000001ba0f256d80 Uncommon trap: reason=speculate_null_assert action=make_not_entrant pc=0x000001b9b9baf120 method=org.eclipse.jdt.internal.core.util.WeakHashSetOfCharArray.cleanupGarbageCollectedValues()V @ 143 c2
Event: 1255.017 Thread 0x000001ba0f256d80 DEOPT PACKING pc=0x000001b9b9baf120 sp=0x0000009ca3dfe5e0
Event: 1255.017 Thread 0x000001ba0f256d80 DEOPT UNPACKING pc=0x000001b9b80b3aa2 sp=0x0000009ca3dfe4e8 mode 2
Event: 1255.814 Thread 0x000001ba0fdcc450 DEOPT PACKING pc=0x000001b9b3ab05d3 sp=0x0000009caa0fe3c0
Event: 1255.814 Thread 0x000001ba0fdcc450 DEOPT UNPACKING pc=0x000001b9b80b4242 sp=0x0000009caa0fd8d0 mode 0
Event: 1259.706 Thread 0x000001ba078a6290 Uncommon trap: trap_request=0xffffff45 fr.pc=0x000001b9b8c81960 relative=0x0000000000000120
Event: 1259.706 Thread 0x000001ba078a6290 Uncommon trap: reason=unstable_if action=reinterpret pc=0x000001b9b8c81960 method=java.util.Optional.ifPresent(Ljava/util/function/Consumer;)V @ 4 c2
Event: 1259.706 Thread 0x000001ba078a6290 DEOPT PACKING pc=0x000001b9b8c81960 sp=0x0000009ca63fef30
Event: 1259.706 Thread 0x000001ba078a6290 DEOPT UNPACKING pc=0x000001b9b80b3aa2 sp=0x0000009ca63fee68 mode 2
Event: 1259.830 Thread 0x000001ba0fdcc450 Uncommon trap: trap_request=0xffffff6e fr.pc=0x000001b9b8628874 relative=0x00000000000001b4
Event: 1259.830 Thread 0x000001ba0fdcc450 Uncommon trap: reason=loop_limit_check action=maybe_recompile pc=0x000001b9b8628874 method=org.eclipse.jdt.internal.formatter.TokenManager.getLength(III)I @ 94 c2
Event: 1259.830 Thread 0x000001ba0fdcc450 DEOPT PACKING pc=0x000001b9b8628874 sp=0x0000009caa0fd6c0
Event: 1259.830 Thread 0x000001ba0fdcc450 DEOPT UNPACKING pc=0x000001b9b80b3aa2 sp=0x0000009caa0fd648 mode 2

Classes loaded (20 events):
Event: 328.257 Loading class java/util/stream/Nodes$CollectorTask done
Event: 328.257 Loading class java/util/stream/Nodes$CollectorTask$OfRef done
Event: 328.259 Loading class java/util/function/LongFunction
Event: 328.259 Loading class java/util/function/LongFunction done
Event: 328.259 Loading class java/util/stream/Nodes$ConcNode
Event: 328.259 Loading class java/util/stream/Nodes$AbstractConcNode
Event: 328.260 Loading class java/util/stream/Nodes$AbstractConcNode done
Event: 328.260 Loading class java/util/stream/Nodes$ConcNode done
Event: 328.270 Loading class java/io/ObjectOutputStream$BlockDataOutputStream
Event: 328.271 Loading class java/io/ObjectOutputStream$BlockDataOutputStream done
Event: 328.271 Loading class java/io/ObjectOutputStream$HandleTable
Event: 328.271 Loading class java/io/ObjectOutputStream$HandleTable done
Event: 328.271 Loading class java/io/ObjectOutputStream$ReplaceTable
Event: 328.271 Loading class java/io/ObjectOutputStream$ReplaceTable done
Event: 1114.538 Loading class jdk/internal/icu/text/NormalizerBase$NFCModeImpl
Event: 1114.538 Loading class jdk/internal/icu/text/NormalizerBase$NFCModeImpl done
Event: 1114.538 Loading class jdk/internal/icu/impl/Norm2AllModes$NFCSingleton
Event: 1114.538 Loading class jdk/internal/icu/impl/Norm2AllModes$NFCSingleton done
Event: 1114.539 Loading class java/nio/StringCharBuffer
Event: 1114.540 Loading class java/nio/StringCharBuffer done

Classes unloaded (7 events):
Event: 24.588 Thread 0x000001b9ad9e0a10 Unloading class 0x000001b9c61aa000 'java/lang/invoke/LambdaForm$MH+0x000001b9c61aa000'
Event: 24.588 Thread 0x000001b9ad9e0a10 Unloading class 0x000001b9c61a9c00 'java/lang/invoke/LambdaForm$MH+0x000001b9c61a9c00'
Event: 24.588 Thread 0x000001b9ad9e0a10 Unloading class 0x000001b9c61a9800 'java/lang/invoke/LambdaForm$MH+0x000001b9c61a9800'
Event: 24.588 Thread 0x000001b9ad9e0a10 Unloading class 0x000001b9c61a9400 'java/lang/invoke/LambdaForm$MH+0x000001b9c61a9400'
Event: 24.588 Thread 0x000001b9ad9e0a10 Unloading class 0x000001b9c61a9000 'java/lang/invoke/LambdaForm$BMH+0x000001b9c61a9000'
Event: 24.588 Thread 0x000001b9ad9e0a10 Unloading class 0x000001b9c61a8c00 'java/lang/invoke/LambdaForm$DMH+0x000001b9c61a8c00'
Event: 24.588 Thread 0x000001b9ad9e0a10 Unloading class 0x000001b9c61a3800 'java/lang/invoke/LambdaForm$DMH+0x000001b9c61a3800'

Classes redefined (0 events):
No events

Internal exceptions (20 events):
Event: 971.119 Thread 0x000001ba078a6290 Exception <a 'sun/nio/fs/WindowsException'{0x00000000d570d5a0}> (0x00000000d570d5a0) 
thrown [s\src\hotspot\share\prims\jni.cpp, line 520]
Event: 971.215 Thread 0x000001ba078a6290 Exception <a 'sun/nio/fs/WindowsException'{0x00000000d5645248}> (0x00000000d5645248) 
thrown [s\src\hotspot\share\prims\jni.cpp, line 520]
Event: 979.918 Thread 0x000001ba0f2594e0 Exception <a 'java/lang/ClassNotFoundException'{0x00000000d562b760}: sun/net/www/protocol/jdt/Handler> (0x00000000d562b760) 
thrown [s\src\hotspot\share\classfile\systemDictionary.cpp, line 312]
Event: 979.946 Thread 0x000001ba0f2594e0 Exception <a 'java/lang/ClassNotFoundException'{0x00000000d56b2c30}: sun/net/www/protocol/jdt/Handler> (0x00000000d56b2c30) 
thrown [s\src\hotspot\share\classfile\systemDictionary.cpp, line 312]
Event: 979.946 Thread 0x000001ba0f2594e0 Exception <a 'java/lang/ClassNotFoundException'{0x00000000d56c4e30}: sun/net/www/protocol/jdt/Handler> (0x00000000d56c4e30) 
thrown [s\src\hotspot\share\classfile\systemDictionary.cpp, line 312]
Event: 979.946 Thread 0x000001ba0f2594e0 Exception <a 'java/lang/ClassNotFoundException'{0x00000000d56c6e48}: sun/net/www/protocol/jdt/Handler> (0x00000000d56c6e48) 
thrown [s\src\hotspot\share\classfile\systemDictionary.cpp, line 312]
Event: 986.512 Thread 0x000001ba0f2594e0 Exception <a 'java/lang/ClassNotFoundException'{0x00000000d5605c50}: sun/net/www/protocol/jdt/Handler> (0x00000000d5605c50) 
thrown [s\src\hotspot\share\classfile\systemDictionary.cpp, line 312]
Event: 1006.530 Thread 0x000001ba0fdcc450 Exception <a 'java/lang/ArrayIndexOutOfBoundsException'{0x00000000d55801a8}: Index 1018 out of bounds for length 1018> (0x00000000d55801a8) 
thrown [s\src\hotspot\share\interpreter\interpreterRuntime.cpp, line 439]
Event: 1008.569 Thread 0x000001ba078a6290 Exception <a 'sun/nio/fs/WindowsException'{0x00000000d56326a0}> (0x00000000d56326a0) 
thrown [s\src\hotspot\share\prims\jni.cpp, line 520]
Event: 1008.652 Thread 0x000001ba078a6290 Exception <a 'sun/nio/fs/WindowsException'{0x00000000d56aabe0}> (0x00000000d56aabe0) 
thrown [s\src\hotspot\share\prims\jni.cpp, line 520]
Event: 1114.506 Thread 0x000001ba0ea4fb30 Exception <a 'java/lang/ArrayIndexOutOfBoundsException'{0x00000000d57ad690}> (0x00000000d57ad690) 
thrown [s\src\hotspot\share\runtime\sharedRuntime.cpp, line 625]
Event: 1114.541 Thread 0x000001ba0f25af20 Exception <a 'java/lang/ClassNotFoundException'{0x00000000d5841960}: sun/net/www/protocol/eclipse-javadoc/Handler> (0x00000000d5841960) 
thrown [s\src\hotspot\share\classfile\systemDictionary.cpp, line 312]
Event: 1114.541 Thread 0x000001ba0f25af20 Exception <a 'java/lang/ClassNotFoundException'{0x00000000d5843e68}: sun/net/www/protocol/eclipse-javadoc/Handler> (0x00000000d5843e68) 
thrown [s\src\hotspot\share\classfile\systemDictionary.cpp, line 312]
Event: 1116.865 Thread 0x000001ba078a6290 Exception <a 'sun/nio/fs/WindowsException'{0x00000000d5675e60}> (0x00000000d5675e60) 
thrown [s\src\hotspot\share\prims\jni.cpp, line 520]
Event: 1116.964 Thread 0x000001ba078a6290 Exception <a 'sun/nio/fs/WindowsException'{0x00000000d57c6e98}> (0x00000000d57c6e98) 
thrown [s\src\hotspot\share\prims\jni.cpp, line 520]
Event: 1116.966 Thread 0x000001ba078a6290 Implicit null exception at 0x000001b9b8cb2711 to 0x000001b9b8cb32d8
Event: 1247.605 Thread 0x000001ba0ea4fb30 Exception <a 'java/lang/ArrayIndexOutOfBoundsException'{0x00000000d5ab69c0}> (0x00000000d5ab69c0) 
thrown [s\src\hotspot\share\runtime\sharedRuntime.cpp, line 625]
Event: 1250.094 Thread 0x000001ba0fdcd800 Exception <a 'java/lang/ArrayIndexOutOfBoundsException'{0x00000000d58afd88}> (0x00000000d58afd88) 
thrown [s\src\hotspot\share\runtime\sharedRuntime.cpp, line 625]
Event: 1259.626 Thread 0x000001ba078a6290 Exception <a 'sun/nio/fs/WindowsException'{0x00000000d58282d0}> (0x00000000d58282d0) 
thrown [s\src\hotspot\share\prims\jni.cpp, line 520]
Event: 1259.699 Thread 0x000001ba078a6290 Exception <a 'sun/nio/fs/WindowsException'{0x00000000d56f28b0}> (0x00000000d56f28b0) 
thrown [s\src\hotspot\share\prims\jni.cpp, line 520]

ZGC Phase Switch (0 events):
No events

VM Operations (20 events):
Event: 1258.878 Executing VM operation: ParallelGCFailedAllocation (Allocation Failure)
Event: 1258.880 Executing VM operation: ParallelGCFailedAllocation (Allocation Failure) done
Event: 1259.168 Executing VM operation: ParallelGCFailedAllocation (Allocation Failure)
Event: 1259.169 Executing VM operation: ParallelGCFailedAllocation (Allocation Failure) done
Event: 1259.449 Executing VM operation: ParallelGCFailedAllocation (Allocation Failure)
Event: 1259.450 Executing VM operation: ParallelGCFailedAllocation (Allocation Failure) done
Event: 1259.634 Executing VM operation: ParallelGCFailedAllocation (Allocation Failure)
Event: 1259.636 Executing VM operation: ParallelGCFailedAllocation (Allocation Failure) done
Event: 1259.644 Executing VM operation: ParallelGCFailedAllocation (Allocation Failure)
Event: 1259.646 Executing VM operation: ParallelGCFailedAllocation (Allocation Failure) done
Event: 1259.668 Executing VM operation: ParallelGCFailedAllocation (Allocation Failure)
Event: 1259.670 Executing VM operation: ParallelGCFailedAllocation (Allocation Failure) done
Event: 1259.819 Executing VM operation: ParallelGCFailedAllocation (Allocation Failure)
Event: 1259.826 Executing VM operation: ParallelGCFailedAllocation (Allocation Failure) done
Event: 1260.000 Executing VM operation: ParallelGCFailedAllocation (Allocation Failure)
Event: 1260.001 Executing VM operation: ParallelGCFailedAllocation (Allocation Failure) done
Event: 1262.488 Executing VM operation: HandshakeAllThreads (HandshakeForDeflation)
Event: 1262.488 Executing VM operation: HandshakeAllThreads (HandshakeForDeflation) done
Event: 1262.488 Executing VM operation: RendezvousGCThreads
Event: 1262.488 Executing VM operation: RendezvousGCThreads done

Memory protections (0 events):
No events

Nmethod flushes (20 events):
Event: 1254.823 Thread 0x000001b9ad9e0a10 flushing  nmethod 0x000001b9b2c73190
Event: 1254.823 Thread 0x000001b9ad9e0a10 flushing  nmethod 0x000001b9b2c89110
Event: 1254.823 Thread 0x000001b9ad9e0a10 flushing  nmethod 0x000001b9b2c9c190
Event: 1254.823 Thread 0x000001b9ad9e0a10 flushing  nmethod 0x000001b9b2c9c590
Event: 1254.823 Thread 0x000001b9ad9e0a10 flushing  nmethod 0x000001b9b2c9d610
Event: 1254.823 Thread 0x000001b9ad9e0a10 flushing  nmethod 0x000001b9b2ca1d90
Event: 1254.823 Thread 0x000001b9ad9e0a10 flushing  nmethod 0x000001b9b2cacb10
Event: 1254.823 Thread 0x000001b9ad9e0a10 flushing  nmethod 0x000001b9b2cb5a90
Event: 1254.823 Thread 0x000001b9ad9e0a10 flushing  nmethod 0x000001b9b2ce2690
Event: 1254.823 Thread 0x000001b9ad9e0a10 flushing  nmethod 0x000001b9b2ceb010
Event: 1254.823 Thread 0x000001b9ad9e0a10 flushing  nmethod 0x000001b9b2cf3290
Event: 1254.823 Thread 0x000001b9ad9e0a10 flushing  nmethod 0x000001b9b2d0d810
Event: 1254.823 Thread 0x000001b9ad9e0a10 flushing  nmethod 0x000001b9b2d4fc10
Event: 1254.823 Thread 0x000001b9ad9e0a10 flushing  nmethod 0x000001b9b2d65310
Event: 1254.823 Thread 0x000001b9ad9e0a10 flushing  nmethod 0x000001b9b2d96110
Event: 1254.823 Thread 0x000001b9ad9e0a10 flushing  nmethod 0x000001b9b2dbcd10
Event: 1254.823 Thread 0x000001b9ad9e0a10 flushing  nmethod 0x000001b9b2e1ba90
Event: 1254.823 Thread 0x000001b9ad9e0a10 flushing  nmethod 0x000001b9b2e60810
Event: 1254.823 Thread 0x000001b9ad9e0a10 flushing  nmethod 0x000001b9b2e87b10
Event: 1254.823 Thread 0x000001b9ad9e0a10 flushing osr nmethod 0x000001b9b2f47390

Events (20 events):
Event: 1008.637 Thread 0x000001ba0f256d80 Thread added: 0x000001ba0f2566f0
Event: 1046.518 Thread 0x000001ba0f2594e0 Thread exited: 0x000001ba0f2594e0
Event: 1068.651 Thread 0x000001ba0f25bc40 Thread exited: 0x000001ba0f25bc40
Event: 1070.154 Thread 0x000001ba0f2559d0 Thread exited: 0x000001ba0f2559d0
Event: 1113.443 Thread 0x000001ba0f256d80 Thread added: 0x000001ba0f2559d0
Event: 1114.533 Thread 0x000001ba0ea4fb30 Thread added: 0x000001ba0f25af20
Event: 1116.971 Thread 0x000001ba0f256d80 Thread added: 0x000001ba0f25b5b0
Event: 1116.974 Thread 0x000001ba0f256d80 Thread added: 0x000001ba0f25bc40
Event: 1149.042 Thread 0x000001ba0f258130 Thread exited: 0x000001ba0f258130
Event: 1174.548 Thread 0x000001ba0f25af20 Thread exited: 0x000001ba0f25af20
Event: 1176.981 Thread 0x000001ba0f2559d0 Thread exited: 0x000001ba0f2559d0
Event: 1176.981 Thread 0x000001ba0f25bc40 Thread exited: 0x000001ba0f25bc40
Event: 1185.618 Thread 0x000001ba0fdccae0 Thread exited: 0x000001ba0fdccae0
Event: 1238.446 Thread 0x000001ba0fdcc450 Thread added: 0x000001ba0f258130
Event: 1238.653 Thread 0x000001ba0f256d80 Thread added: 0x000001ba0f2559d0
Event: 1251.923 Thread 0x000001b9ad9fcdb0 Thread added: 0x000001ba0fe13010
Event: 1252.915 Thread 0x000001ba0fe13010 Thread exited: 0x000001ba0fe13010
Event: 1259.703 Thread 0x000001ba0f256d80 Thread added: 0x000001ba0f25c960
Event: 1259.705 Thread 0x000001ba0f256d80 Thread added: 0x000001ba0f25bc40
Event: 1271.194 Thread 0x000001ba0f256060 Thread exited: 0x000001ba0f256060


Dynamic libraries:
0x00007ff63e400000 - 0x00007ff63e40e000 	c:\Users\bangb\.vscode\extensions\redhat.java-1.44.0-win32-x64\jre\21.0.8-win32-x86_64\bin\java.exe
0x00007ffdd2660000 - 0x00007ffdd28c8000 	C:\WINDOWS\SYSTEM32\ntdll.dll
0x00007ffdd1440000 - 0x00007ffdd1509000 	C:\WINDOWS\System32\KERNEL32.DLL
0x00007ffdcfd10000 - 0x00007ffdd00fd000 	C:\WINDOWS\System32\KERNELBASE.dll
0x00007ffdcf950000 - 0x00007ffdcfa9b000 	C:\WINDOWS\System32\ucrtbase.dll
0x00007ffdbef10000 - 0x00007ffdbef28000 	c:\Users\bangb\.vscode\extensions\redhat.java-1.44.0-win32-x64\jre\21.0.8-win32-x86_64\bin\jli.dll
0x00007ffdd1790000 - 0x00007ffdd195c000 	C:\WINDOWS\System32\USER32.dll
0x00007ffdcf7b0000 - 0x00007ffdcf7d7000 	C:\WINDOWS\System32\win32u.dll
0x00007ffdd1220000 - 0x00007ffdd124b000 	C:\WINDOWS\System32\GDI32.dll
0x00007ffdcfb40000 - 0x00007ffdcfc77000 	C:\WINDOWS\System32\gdi32full.dll
0x00007ffdc0410000 - 0x00007ffdc042e000 	c:\Users\bangb\.vscode\extensions\redhat.java-1.44.0-win32-x64\jre\21.0.8-win32-x86_64\bin\VCRUNTIME140.dll
0x00007ffdaf8c0000 - 0x00007ffdafb5a000 	C:\WINDOWS\WinSxS\amd64_microsoft.windows.common-controls_6595b64144ccf1df_6.0.26100.4484_none_3e0e6d4ce32ef3b3\COMCTL32.dll
0x00007ffdd2480000 - 0x00007ffdd2529000 	C:\WINDOWS\System32\msvcrt.dll
0x00007ffdcf7e0000 - 0x00007ffdcf883000 	C:\WINDOWS\System32\msvcp_win.dll
0x00007ffdd1a40000 - 0x00007ffdd1a6f000 	C:\WINDOWS\System32\IMM32.DLL
0x00007ffdc9970000 - 0x00007ffdc997c000 	c:\Users\bangb\.vscode\extensions\redhat.java-1.44.0-win32-x64\jre\21.0.8-win32-x86_64\bin\vcruntime140_1.dll
0x00007ffdb48f0000 - 0x00007ffdb497d000 	c:\Users\bangb\.vscode\extensions\redhat.java-1.44.0-win32-x64\jre\21.0.8-win32-x86_64\bin\msvcp140.dll
0x00007ffd5ef10000 - 0x00007ffd5fca7000 	c:\Users\bangb\.vscode\extensions\redhat.java-1.44.0-win32-x64\jre\21.0.8-win32-x86_64\bin\server\jvm.dll
0x00007ffdd1150000 - 0x00007ffdd1204000 	C:\WINDOWS\System32\ADVAPI32.dll
0x00007ffdd1520000 - 0x00007ffdd15c6000 	C:\WINDOWS\System32\sechost.dll
0x00007ffdd1b00000 - 0x00007ffdd1c18000 	C:\WINDOWS\System32\RPCRT4.dll
0x00007ffdd1250000 - 0x00007ffdd12c4000 	C:\WINDOWS\System32\WS2_32.dll
0x00007ffdcf600000 - 0x00007ffdcf65e000 	C:\WINDOWS\SYSTEM32\POWRPROF.dll
0x00007ffdcc130000 - 0x00007ffdcc165000 	C:\WINDOWS\SYSTEM32\WINMM.dll
0x00007ffdc5c10000 - 0x00007ffdc5c1b000 	C:\WINDOWS\SYSTEM32\VERSION.dll
0x00007ffdcf5d0000 - 0x00007ffdcf5e4000 	C:\WINDOWS\SYSTEM32\UMPDC.dll
0x00007ffdce510000 - 0x00007ffdce52b000 	C:\WINDOWS\SYSTEM32\kernel.appcore.dll
0x00007ffdc8700000 - 0x00007ffdc870a000 	c:\Users\bangb\.vscode\extensions\redhat.java-1.44.0-win32-x64\jre\21.0.8-win32-x86_64\bin\jimage.dll
0x00007ffdcce30000 - 0x00007ffdcd071000 	C:\WINDOWS\SYSTEM32\DBGHELP.DLL
0x00007ffdd0dc0000 - 0x00007ffdd1146000 	C:\WINDOWS\System32\combase.dll
0x00007ffdd0690000 - 0x00007ffdd0770000 	C:\WINDOWS\System32\OLEAUT32.dll
0x00007ffdcc0c0000 - 0x00007ffdcc103000 	C:\WINDOWS\SYSTEM32\dbgcore.DLL
0x00007ffdcfaa0000 - 0x00007ffdcfb39000 	C:\WINDOWS\System32\bcryptPrimitives.dll
0x00007ffdc0330000 - 0x00007ffdc033f000 	c:\Users\bangb\.vscode\extensions\redhat.java-1.44.0-win32-x64\jre\21.0.8-win32-x86_64\bin\instrument.dll
0x00007ffdb5170000 - 0x00007ffdb518f000 	c:\Users\bangb\.vscode\extensions\redhat.java-1.44.0-win32-x64\jre\21.0.8-win32-x86_64\bin\java.dll
0x00007ffdd1d30000 - 0x00007ffdd247a000 	C:\WINDOWS\System32\SHELL32.dll
0x00007ffdd0280000 - 0x00007ffdd03f4000 	C:\WINDOWS\System32\wintypes.dll
0x00007ffdcd3b0000 - 0x00007ffdcdc0b000 	C:\WINDOWS\SYSTEM32\windows.storage.dll
0x00007ffdd1c20000 - 0x00007ffdd1d15000 	C:\WINDOWS\System32\SHCORE.dll
0x00007ffdd25b0000 - 0x00007ffdd261a000 	C:\WINDOWS\System32\shlwapi.dll
0x00007ffdcf6c0000 - 0x00007ffdcf6ef000 	C:\WINDOWS\SYSTEM32\profapi.dll
0x00007ffdb4cc0000 - 0x00007ffdb4cd8000 	c:\Users\bangb\.vscode\extensions\redhat.java-1.44.0-win32-x64\jre\21.0.8-win32-x86_64\bin\zip.dll
0x00007ffdbf110000 - 0x00007ffdbf120000 	C:\Users\bangb\.vscode\extensions\redhat.java-1.44.0-win32-x64\jre\21.0.8-win32-x86_64\bin\net.dll
0x00007ffdc6490000 - 0x00007ffdc65ae000 	C:\WINDOWS\SYSTEM32\WINHTTP.dll
0x00007ffdcea80000 - 0x00007ffdceaea000 	C:\WINDOWS\system32\mswsock.dll
0x00007ffdb48d0000 - 0x00007ffdb48e6000 	C:\Users\bangb\.vscode\extensions\redhat.java-1.44.0-win32-x64\jre\21.0.8-win32-x86_64\bin\nio.dll
0x00007ffdbef80000 - 0x00007ffdbef90000 	c:\Users\bangb\.vscode\extensions\redhat.java-1.44.0-win32-x64\jre\21.0.8-win32-x86_64\bin\verify.dll
0x00007ffdadc70000 - 0x00007ffdadcb5000 	C:\Users\bangb\AppData\Roaming\Code\User\globalStorage\redhat.java\1.44.0\config_win\org.eclipse.equinox.launcher\org.eclipse.equinox.launcher.win32.win32.x86_64_1.2.1400.v20250730-1736\eclipse_11913.dll
0x00007ffdd15e0000 - 0x00007ffdd177e000 	C:\WINDOWS\System32\ole32.dll
0x00007ffdcede0000 - 0x00007ffdcedfb000 	C:\WINDOWS\SYSTEM32\CRYPTSP.dll
0x00007ffdce470000 - 0x00007ffdce4ab000 	C:\WINDOWS\system32\rsaenh.dll
0x00007ffdceb20000 - 0x00007ffdceb4b000 	C:\WINDOWS\SYSTEM32\USERENV.dll
0x00007ffdcf690000 - 0x00007ffdcf6b6000 	C:\WINDOWS\SYSTEM32\bcrypt.dll
0x00007ffdcecc0000 - 0x00007ffdceccc000 	C:\WINDOWS\SYSTEM32\CRYPTBASE.dll
0x00007ffdcdec0000 - 0x00007ffdcdef3000 	C:\WINDOWS\SYSTEM32\IPHLPAPI.DLL
0x00007ffdd1d20000 - 0x00007ffdd1d2a000 	C:\WINDOWS\System32\NSI.dll
0x00007ffdc0450000 - 0x00007ffdc0499000 	C:\Users\bangb\AppData\Local\Temp\jna-93503786\jna8997671638664342811.dll
0x00007ffdd15d0000 - 0x00007ffdd15d8000 	C:\WINDOWS\System32\PSAPI.DLL
0x00007ffdc7c80000 - 0x00007ffdc7c9f000 	C:\WINDOWS\SYSTEM32\dhcpcsvc6.DLL
0x00007ffdc7c50000 - 0x00007ffdc7c75000 	C:\WINDOWS\SYSTEM32\dhcpcsvc.DLL
0x00007ffdbf770000 - 0x00007ffdbf827000 	C:\Program Files\Common Files\McAfee\SystemCore\mfehcinj.dll
0x00007ffdcfc80000 - 0x00007ffdcfd04000 	C:\WINDOWS\System32\WINTRUST.dll
0x00007ffdd0100000 - 0x00007ffdd0277000 	C:\WINDOWS\System32\CRYPT32.dll
0x00007ffdcee40000 - 0x00007ffdcee53000 	C:\WINDOWS\SYSTEM32\MSASN1.dll
0x00007ffdbf760000 - 0x00007ffdbf76f000 	C:\Program Files\Common Files\McAfee\SystemCore\mfehcthe.dll
0x00007ffdbf6e0000 - 0x00007ffdbf759000 	C:\Program Files\McAfee\MAR\mvcairo_x64.dll
0x00007ffdc9a30000 - 0x00007ffdc9a3e000 	C:\Users\bangb\.vscode\extensions\redhat.java-1.44.0-win32-x64\jre\21.0.8-win32-x86_64\bin\sunmscapi.dll
0x00007ffdcefb0000 - 0x00007ffdcefe0000 	C:\WINDOWS\SYSTEM32\ncrypt.dll
0x00007ffdcef60000 - 0x00007ffdcef9f000 	C:\WINDOWS\SYSTEM32\NTASN1.dll
0x00007ffdcdf00000 - 0x00007ffdce026000 	C:\WINDOWS\SYSTEM32\DNSAPI.dll
0x00007ffdc7ff0000 - 0x00007ffdc7ffb000 	C:\Windows\System32\rasadhlp.dll
0x00007ffdc7f60000 - 0x00007ffdc7fe6000 	C:\WINDOWS\System32\fwpuclnt.dll
0x00007ffdc9580000 - 0x00007ffdc9589000 	C:\Users\bangb\.vscode\extensions\redhat.java-1.44.0-win32-x64\jre\21.0.8-win32-x86_64\bin\extnet.dll

JVMTI agents:
c:\Users\bangb\.vscode\extensions\redhat.java-1.44.0-win32-x64\lombok\lombok-1.18.39-4050.jar path:c:\Users\bangb\.vscode\extensions\redhat.java-1.44.0-win32-x64\jre\21.0.8-win32-x86_64\bin\instrument.dll, loaded, initialized, instrumentlib options:none

dbghelp: loaded successfully - version: 4.0.5 - missing functions: none
symbol engine: initialized successfully - sym options: 0x614 - pdb path: .;c:\Users\bangb\.vscode\extensions\redhat.java-1.44.0-win32-x64\jre\21.0.8-win32-x86_64\bin;C:\WINDOWS\SYSTEM32;C:\WINDOWS\WinSxS\amd64_microsoft.windows.common-controls_6595b64144ccf1df_6.0.26100.4484_none_3e0e6d4ce32ef3b3;c:\Users\bangb\.vscode\extensions\redhat.java-1.44.0-win32-x64\jre\21.0.8-win32-x86_64\bin\server;C:\Users\bangb\AppData\Roaming\Code\User\globalStorage\redhat.java\1.44.0\config_win\org.eclipse.equinox.launcher\org.eclipse.equinox.launcher.win32.win32.x86_64_1.2.1400.v20250730-1736;C:\Users\bangb\AppData\Local\Temp\jna-93503786;C:\Program Files\Common Files\McAfee\SystemCore;C:\Program Files\McAfee\MAR

VM Arguments:
jvm_args: --add-modules=ALL-SYSTEM --add-opens=java.base/java.util=ALL-UNNAMED --add-opens=java.base/java.lang=ALL-UNNAMED --add-opens=java.base/sun.nio.fs=ALL-UNNAMED -Declipse.application=org.eclipse.jdt.ls.core.id1 -Dosgi.bundles.defaultStartLevel=4 -Declipse.product=org.eclipse.jdt.ls.core.product -Djava.import.generatesMetadataFilesAtProjectRoot=false -DDetectVMInstallationsJob.disabled=true -Dfile.encoding=utf8 -XX:+UseParallelGC -XX:GCTimeRatio=4 -XX:AdaptiveSizePolicyWeight=90 -Dsun.zip.disableMemoryMapping=true -Xmx2G -Xms100m -Xlog:disable -javaagent:c:\Users\bangb\.vscode\extensions\redhat.java-1.44.0-win32-x64\lombok\lombok-1.18.39-4050.jar -XX:+HeapDumpOnOutOfMemoryError -XX:HeapDumpPath=c:\Users\bangb\AppData\Roaming\Code\User\workspaceStorage\c60bb9130a98a218fc07b555a459b00e\redhat.java -Daether.dependencyCollector.impl=bf 
java_command: c:\Users\bangb\.vscode\extensions\redhat.java-1.44.0-win32-x64\server\plugins\org.eclipse.equinox.launcher_1.7.0.v20250519-0528.jar -configuration c:\Users\bangb\AppData\Roaming\Code\User\globalStorage\redhat.java\1.44.0\config_win -data c:\Users\bangb\AppData\Roaming\Code\User\workspaceStorage\c60bb9130a98a218fc07b555a459b00e\redhat.java\jdt_ws --pipe=\\.\pipe\lsp-0c2f671810a2a79ff923ed0aa5b44ecb-sock
java_class_path (initial): c:\Users\bangb\.vscode\extensions\redhat.java-1.44.0-win32-x64\server\plugins\org.eclipse.equinox.launcher_1.7.0.v20250519-0528.jar
Launcher Type: SUN_STANDARD

[Global flags]
    uintx AdaptiveSizePolicyWeight                 = 90                                        {product} {command line}
     intx CICompilerCount                          = 4                                         {product} {ergonomic}
    uintx GCTimeRatio                              = 4                                         {product} {command line}
     bool HeapDumpOnOutOfMemoryError               = true                                   {manageable} {command line}
    ccstr HeapDumpPath                             = c:\Users\bangb\AppData\Roaming\Code\User\workspaceStorage\c60bb9130a98a218fc07b555a459b00e\redhat.java         {manageable} {command line}
   size_t InitialHeapSize                          = 104857600                                 {product} {command line}
   size_t MaxHeapSize                              = 2147483648                                {product} {command line}
   size_t MaxNewSize                               = 715653120                                 {product} {ergonomic}
   size_t MinHeapDeltaBytes                        = 524288                                    {product} {ergonomic}
   size_t MinHeapSize                              = 104857600                                 {product} {command line}
   size_t NewSize                                  = 34603008                                  {product} {ergonomic}
    uintx NonNMethodCodeHeapSize                   = 5839372                                {pd product} {ergonomic}
    uintx NonProfiledCodeHeapSize                  = 122909434                              {pd product} {ergonomic}
   size_t OldSize                                  = 70254592                                  {product} {ergonomic}
    uintx ProfiledCodeHeapSize                     = 122909434                              {pd product} {ergonomic}
    uintx ReservedCodeCacheSize                    = 251658240                              {pd product} {ergonomic}
     bool SegmentedCodeCache                       = true                                      {product} {ergonomic}
   size_t SoftMaxHeapSize                          = 2147483648                             {manageable} {ergonomic}
     bool UseCompressedOops                        = true                           {product lp64_product} {ergonomic}
     bool UseLargePagesIndividualAllocation        = false                                  {pd product} {ergonomic}
     bool UseParallelGC                            = true                                      {product} {command line}

Logging:
Log output configuration:
 #0: stdout all=off uptime,level,tags foldmultilines=false
 #1: stderr all=off uptime,level,tags foldmultilines=false

Environment Variables:
JAVA_HOME=C:\Program Files\Java\jdk-21
PATH=C:\Program Files (x86)\VMware\VMware Workstation\bin\;C:\Program Files\Common Files\Oracle\Java\javapath;C:\Program Files (x86)\Common Files\Oracle\Java\javapath;C:\Users\bangb\AppData\Local\Programs\Python\Python38;C:\Program Files\Microsoft MPI\Bin\;C:\WINDOWS\system32;C:\WINDOWS;C:\WINDOWS\System32\Wbem;C:\Program Files\Python310\Scripts\;C:\WINDOWS\System32\WindowsPowerShell\v1.0\;C:\Python312\;C:\Python312\Scripts\;C:\Program Files\Python310\;C:\WINDOWS\System32\OpenSSH\;C:\Program Files\MySQL\MySQL Server 8.0\bin;C:\ProgramData\chocolatey\bin;C:\Program Files\Java\jdk1.8.0_191\bin;C:\apache-maven-3.6.0\bin;C:\Program Files\Git\cmd;C:\Program Files\nodejs\;C:\Program Files\PostgreSQL\16;C:\Users\bangb\AppData\Local\Programs\Python\Python38;C:\Program Files\nodejs;C:\Users\bangb\AppData\Local\Programs\Microsoft VS Code\bin;C:\Program Files\Azure Data Studio\bin;%IntelliJ IDEA Community Edition%;C:\Program Files\JetBrains\PyCharm Community Edition 2023.2.5\bin;;C:\Program Files\JetBrains\IntelliJ IDEA 2023.3.4\bin;;C:\Users\bangb\AppData\Roaming\npm;C:\Program Files\PostgreSQL\16\bin;;C:\Users\bangb\AppData\Local\Microsoft\WindowsApps
USERNAME=bangb
OS=Windows_NT
PROCESSOR_IDENTIFIER=Intel64 Family 6 Model 154 Stepping 4, GenuineIntel
TMP=C:\Users\bangb\AppData\Local\Temp
TEMP=C:\Users\bangb\AppData\Local\Temp




Periodic native trim disabled

---------------  S Y S T E M  ---------------

OS:
 Windows 11 , 64 bit Build 26100 (10.0.26100.4484)
OS uptime: 0 days 5:48 hours
Hyper-V role detected

CPU: total 12 (initial active 12) (6 cores per cpu, 2 threads per core) family 6 model 154 stepping 4 microcode 0x424, cx8, cmov, fxsr, ht, mmx, 3dnowpref, sse, sse2, sse3, ssse3, sse4.1, sse4.2, popcnt, lzcnt, tsc, tscinvbit, avx, avx2, aes, erms, clmul, bmi1, bmi2, adx, sha, fma, vzeroupper, clflush, clflushopt, clwb, hv, serialize, rdtscp, rdpid, fsrm, f16c, cet_ibt, cet_ss
Processor Information for processor 0
  Max Mhz: 1700, Current Mhz: 1700, Mhz Limit: 1700
Processor Information for processor 1
  Max Mhz: 1700, Current Mhz: 1457, Mhz Limit: 1700
Processor Information for processor 2
  Max Mhz: 1700, Current Mhz: 1457, Mhz Limit: 1700
Processor Information for processor 3
  Max Mhz: 1700, Current Mhz: 1700, Mhz Limit: 1700
Processor Information for processor 4
  Max Mhz: 1200, Current Mhz: 1200, Mhz Limit: 1200
Processor Information for processor 5
  Max Mhz: 1200, Current Mhz: 1200, Mhz Limit: 1200
Processor Information for processor 6
  Max Mhz: 1200, Current Mhz: 1200, Mhz Limit: 1200
Processor Information for processor 7
  Max Mhz: 1200, Current Mhz: 1200, Mhz Limit: 1200
Processor Information for processor 8
  Max Mhz: 1200, Current Mhz: 1200, Mhz Limit: 1200
Processor Information for processor 9
  Max Mhz: 1200, Current Mhz: 1200, Mhz Limit: 1200
Processor Information for processor 10
  Max Mhz: 1200, Current Mhz: 1200, Mhz Limit: 1200
Processor Information for processor 11
  Max Mhz: 1200, Current Mhz: 1200, Mhz Limit: 1200

Memory: 4k page, system-wide physical 16108M (506M free)
TotalPageFile size 65260M (AvailPageFile size 5M)
current process WorkingSet (physical memory assigned to process): 1259M, peak: 1263M
current process commit charge ("private bytes"): 1181M, peak: 1188M

vm_info: OpenJDK 64-Bit Server VM (21.0.8+9-LTS) for windows-amd64 JRE (21.0.8+9-LTS), built on 2025-07-15T00:00:00Z by "admin" with MS VC++ 17.7 (VS2022)

END.
